<!DOCTYPE html>
<html>
<head>
    <!--
        ExtentReports Library 2.41.1 | http://relevantcodes.com/extentreports-for-selenium/ | https://github.com/anshooarora/
        Copyright (c) 2015, Anshoo Arora (Relevant Codes) | Copyrights licensed under the New BSD License | http://opensource.org/licenses/BSD-3-Clause
        Documentation: http://extentreports.relevantcodes.com
    -->

    <meta charset='UTF-8'/>
    <meta content='ExtentReports (by Anshoo Arora) is a reporting library for automation testing for .NET and Java. It creates detailed and beautiful HTML reports for modern browsers. ExtentReports shows test and step summary along with dashboards, system and environment details for quick analysis of your tests.'
          name='description'/>
    <meta content='noodp, noydir' name='robots'/>
    <meta content='width=device-width, initial-scale=1' name='viewport'/>
    <meta content='' id='extentx' name='extentx'/>

    <title>
        ExtentReports 2.0
    </title>


    <link href='https://fonts.googleapis.com/css?family=Source+Sans+Pro:400,600' rel='stylesheet' type='text/css'>
    <link href='https://cdn.rawgit.com/anshooarora/extentreports/6032d73243ba4fe4fb8769eb9c315d4fdf16fe68/cdn/extent.css'
          rel='stylesheet' type='text/css'/>

    <style>


    </style>
</head>


<body class='extent default standard hide-overflow'>
<!-- nav -->
<nav>
    <div class='logo-container blue darken-2'>
        <a class='logo-content' href='http://extentreports.relevantcodes.com'>
            <span>ExtentReports</span>
        </a>
        <a class='button-collapse hide-on-large-only' data-activates='slide-out' href='#'><i
                class='mdi-navigation-apps'></i></a>
    </div>
    <ul class='side-nav fixed hide-on-med-and-down' id='slide-out'>
        <li class='analysis waves-effect active'><a class='test-view' href='#!' onclick="_updateCurrentStage(0)"><i
                class='mdi-action-dashboard'></i>Test Details</a></li>
        <li class='analysis waves-effect'><a class='exceptions-view' href='#!' onclick="_updateCurrentStage(2)"><i
                class='mdi-action-bug-report'></i>Exceptions</a></li>
        <li class='analysis waves-effect'>
            <a class='dashboard-view' href='#!' onclick="_updateCurrentStage(-1)"><i
                    class='mdi-action-track-changes'></i></i>Analysis</a>
        </li>
    </ul>
    <span class='report-name'>Automation Report</span> <span class='report-headline'></span>
    <ul class='right hide-on-med-and-down nav-right'>
        <li alt='Click to toggle dark theme. To enable by default, use js configuration $("body").addClass("dark");'
            class='theme-selector'
            title='Click to toggle dark theme. To enable by default, use js configuration $("body").addClass("dark");'>
            <i class='mdi-hardware-desktop-windows'></i>
        </li>
        <li>
            <span class='suite-started-time'>2021-07-02 13:11:49</span>
        </li>
        <li>
            <span>v2.41.1</span>
        </li>
    </ul>
</nav>
<!-- /nav -->

<!-- container -->
<div class='container'>

    <!-- dashboard -->
    <div class='row' id='dashboard-view'>
        <div class='time-totals'>
            <div class='col l2 m4 s6'>
                <div class='card suite-total-tests'>
                    <span class='panel-name'>Total Tests</span>
                    <span class='total-tests'> <span class='panel-lead'></span> </span>
                </div>
            </div>
            <div class='col l2 m4 s6'>
                <div class='card suite-total-steps'>
                    <span class='panel-name'>Total Steps</span>
                    <span class='total-steps'> <span class='panel-lead'></span> </span>
                </div>
            </div>
            <div class='col l2 m4 s12'>
                <div class='card suite-total-time-current'>
                    <span class='panel-name'>Total Time Taken (Current Run)</span>
                    <span class='suite-total-time-current-value panel-lead'>0h 7m 23s+826ms</span>
                </div>
            </div>
            <div class='col l2 m4 s12'>
                <div class='card suite-total-time-overall'>
                    <span class='panel-name'>Total Time Taken (Overall)</span>
                    <span class='suite-total-time-overall-value panel-lead'>0h 7m 23s+826ms</span>
                </div>
            </div>
            <div class='col l2 m4 s6 suite-start-time'>
                <div class='card accent green-accent'>
                    <span class='panel-name'>Start</span>
                    <span class='panel-lead suite-started-time'>2021-07-02 13:04:25</span>
                </div>
            </div>
            <div class='col l2 m4 s6 suite-end-time'>
                <div class='card accent pink-accent'>
                    <span class='panel-name'>End</span>
                    <span class='panel-lead suite-ended-time'>2021-07-02 13:11:49</span>
                </div>
            </div>
        </div>
        <div class='charts'>
            <div class='col s12 m6 l4 fh'>
                <div class='card-panel'>
                    <div>
                        <span class='panel-name'>Tests View</span>
                    </div>
                    <div class='panel-setting modal-trigger test-count-setting right'>
                        <a href='#test-count-setting'><i class='mdi-navigation-more-vert text-md'></i></a>
                    </div>
                    <div class='chart-box'>
                        <canvas class='text-centered' id='test-analysis'></canvas>
                    </div>
                    <div>
                        <span class='weight-light'><span
                                class='t-pass-count weight-normal'></span> test(s) passed</span>
                    </div>
                    <div>
                        <span class='weight-light'><span
                                class='t-fail-count weight-normal'></span> test(s) failed, <span
                                class='t-others-count weight-normal'></span> others</span>
                    </div>
                </div>
            </div>
            <div class='col s12 m6 l4 fh'>
                <div class='card-panel'>
                    <div>
                        <span class='panel-name'>Steps View</span>
                    </div>
                    <div class='panel-setting modal-trigger step-status-filter right'>
                        <a href='#step-status-filter'><i class='mdi-navigation-more-vert text-md'></i></a>
                    </div>
                    <div class='chart-box'>
                        <canvas class='text-centered' id='step-analysis'></canvas>
                    </div>
                    <div>
                        <span class='weight-light'><span
                                class='s-pass-count weight-normal'></span> step(s) passed </span>
                    </div>
                    <div>
                        <span class='weight-light'><span
                                class='s-fail-count weight-normal'></span> step(s) failed, <span
                                class='s-others-count weight-normal'></span> others</span>
                    </div>
                </div>
            </div>
            <div class='col s12 m12 l4 fh'>
                <div class='card-panel'>
                    <span class='panel-name'>Pass Percentage</span>
                    <span class='pass-percentage panel-lead'></span>
                    <div class='progress light-blue lighten-3'>
                        <div class='determinate light-blue'></div>
                    </div>
                </div>
            </div>
        </div>
        <div class='system-view'>
            <div class='col l4 m12 s12'>
                <div class='card-panel'>
                    <span class='label info outline right'>Environment</span>
                    <table>
                        <thead>
                        <tr>
                            <th>Param</th>
                            <th>Value</th>
                        </tr>
                        </thead>
                        <tbody>
                        <tr>
                            <td>User Name</td>
                            <td>Sandeep pal</td>
                        </tr>
                        <tr>
                            <td>OS</td>
                            <td>Windows 10</td>
                        </tr>
                        <tr>
                            <td>Java Version</td>
                            <td>11.0.11</td>
                        </tr>
                        <tr>
                            <td>Host Name</td>
                            <td>sandeep-pal-LT</td>
                        </tr>
                        </tbody>
                    </table>
                </div>
            </div>
        </div>
    </div>
    <!-- /dashboard -->

    <!-- tests -->
    <div class='row _addedTable' id='test-view'>
        <div class='col _addedCell1'>
            <div class='contents'>
                <div class='card-panel heading'>
                    <h5>Tests</h5>
                </div>
                <div class='card-panel filters'>
                    <div>
                        <a class='dropdown-button btn-floating btn-small waves-effect waves-light grey tests-toggle'
                           data-activates='tests-toggle' data-beloworigin='true' data-constrainwidth='true'
                           data-hover='true' href='#'>
                            <i class='mdi-action-reorder'></i>
                        </a>
                        <ul class='dropdown-content' id='tests-toggle'>
                            <li class='pass'><a href='#!'>Pass</a></li>
                            <li class='fail'><a href='#!'>Fail</a></li>
                            <li class='skip'><a href='#!'>Skip</a></li>
                            <li class='divider'></li>
                            <li class='clear'><a href='#!'>Clear Filters</a></li>
                        </ul>
                    </div>
                    <div>
                        <a alt='Clear Filters' class='btn-floating btn-small waves-effect waves-light grey'
                           id='clear-filters' title='Clear Filters'>
                            <i class='mdi-navigation-close'></i>
                        </a>
                    </div>
                    <div>
                        <a alt='Enable Dashboard' class='btn-floating btn-small waves-effect waves-light grey'
                           id='enableDashboard' title='Enable Dashboard'>
                            <i class='mdi-action-track-changes'></i>
                        </a>
                    </div>
                    <div>
                        <a alt='Refresh Charts on Filters' class='btn-floating btn-small waves-effect waves-light blue enabled'
                           id='refreshCharts' title='Refresh Charts on Filters'>
                            <i class='mdi-navigation-refresh'></i>
                        </a>
                    </div>
                    <div alt='Search Tests' class='search' title='Search Tests'>
                        <div class='input-field left'>
                            <input class='validate' id='searchTests' placeholder='Search Tests...' type='text'>
                        </div>
                        <a class='btn-floating btn-small waves-effect waves-light grey' href="#">
                            <i class='mdi-action-search'></i>
                        </a>
                    </div>
                </div>
                <div class='card-panel no-padding-h no-padding-v no-margin-v'>
                    <div class='wrapper'>
                        <ul class='test-collection' id='test-collection'>
                            <li class='collection-item test displayed active pass '
                                extentid='1f938077-9781-4f55-8c55-1ca619a78dc5'>
                                <div class='test-head'>
                                    <span class='test-name'>VerifyPlacedOrderDetails </span>
                                    <span class='test-status label right outline capitalize pass'>pass</span>
                                    <span class='category-assigned hide '></span>
                                </div>
                                <div class='test-body'>
                                    <div class='test-info'>
                                        <span alt='Test started time' class='test-started-time label green lighten-1 text-white'
                                              title='Test started time'>2021-07-02 13:11:11</span>
                                        <span alt='Test ended time' class='test-ended-time label red lighten-1 text-white'
                                              title='Test ended time'>2021-07-02 13:11:14</span>
                                        <span alt='Time taken to finish' class='test-time-taken label blue-grey lighten-3 text-white'
                                              title='Time taken to finish'>0h 0m 2s+823ms</span>
                                    </div>
                                    <div class='test-desc'></div>
                                    <div class='test-attributes'>
                                    </div>
                                    <div class='test-steps'>
                                        <table class='bordered table-results'>
                                            <thead>
                                            <tr>
                                                <th>Status</th>
                                                <th>Timestamp</th>
                                                <th>Details</th>
                                            </tr>
                                            </thead>
                                            <tbody>
                                            <tr>
                                                <td alt='pass' class='status pass' title='pass'><i
                                                        class='mdi-action-check-circle'></i></td>
                                                <td class='timestamp'>13:11:14</td>
                                                <td class='step-details'>Test passed</td>
                                            </tr>
                                            </tbody>
                                        </table>
                                        <ul class='collapsible node-list' data-collapsible='accordion'>
                                        </ul>
                                    </div>
                                </div>
                            </li>
                            <li class='collection-item test displayed active pass '
                                extentid='06701f79-ed81-4e3b-87ff-69c245992774'>
                                <div class='test-head'>
                                    <span class='test-name'>clickOnYourOrder </span>
                                    <span class='test-status label right outline capitalize pass'>pass</span>
                                    <span class='category-assigned hide '></span>
                                </div>
                                <div class='test-body'>
                                    <div class='test-info'>
                                        <span alt='Test started time' class='test-started-time label green lighten-1 text-white'
                                              title='Test started time'>2021-07-02 13:06:04</span>
                                        <span alt='Test ended time' class='test-ended-time label red lighten-1 text-white'
                                              title='Test ended time'>2021-07-02 13:06:08</span>
                                        <span alt='Time taken to finish' class='test-time-taken label blue-grey lighten-3 text-white'
                                              title='Time taken to finish'>0h 0m 3s+568ms</span>
                                    </div>
                                    <div class='test-desc'></div>
                                    <div class='test-attributes'>
                                    </div>
                                    <div class='test-steps'>
                                        <table class='bordered table-results'>
                                            <thead>
                                            <tr>
                                                <th>Status</th>
                                                <th>Timestamp</th>
                                                <th>Details</th>
                                            </tr>
                                            </thead>
                                            <tbody>
                                            <tr>
                                                <td alt='pass' class='status pass' title='pass'><i
                                                        class='mdi-action-check-circle'></i></td>
                                                <td class='timestamp'>13:06:08</td>
                                                <td class='step-details'>Test passed</td>
                                            </tr>
                                            </tbody>
                                        </table>
                                        <ul class='collapsible node-list' data-collapsible='accordion'>
                                        </ul>
                                    </div>
                                </div>
                            </li>
                            <li class='collection-item test displayed active pass '
                                extentid='b472dbba-f3e8-473b-92a2-3378cc1da198'>
                                <div class='test-head'>
                                    <span class='test-name'>verifyYourAccount </span>
                                    <span class='test-status label right outline capitalize pass'>pass</span>
                                    <span class='category-assigned hide '></span>
                                </div>
                                <div class='test-body'>
                                    <div class='test-info'>
                                        <span alt='Test started time' class='test-started-time label green lighten-1 text-white'
                                              title='Test started time'>2021-07-02 13:06:15</span>
                                        <span alt='Test ended time' class='test-ended-time label red lighten-1 text-white'
                                              title='Test ended time'>2021-07-02 13:06:18</span>
                                        <span alt='Time taken to finish' class='test-time-taken label blue-grey lighten-3 text-white'
                                              title='Time taken to finish'>0h 0m 3s+192ms</span>
                                    </div>
                                    <div class='test-desc'></div>
                                    <div class='test-attributes'>
                                    </div>
                                    <div class='test-steps'>
                                        <table class='bordered table-results'>
                                            <thead>
                                            <tr>
                                                <th>Status</th>
                                                <th>Timestamp</th>
                                                <th>Details</th>
                                            </tr>
                                            </thead>
                                            <tbody>
                                            <tr>
                                                <td alt='pass' class='status pass' title='pass'><i
                                                        class='mdi-action-check-circle'></i></td>
                                                <td class='timestamp'>13:06:18</td>
                                                <td class='step-details'>Test passed</td>
                                            </tr>
                                            </tbody>
                                        </table>
                                        <ul class='collapsible node-list' data-collapsible='accordion'>
                                        </ul>
                                    </div>
                                </div>
                            </li>
                            <li class='collection-item test displayed active pass '
                                extentid='576b6d4d-9a13-42a1-911b-7aa55cdc7472'>
                                <div class='test-head'>
                                    <span class='test-name'>verifyCheckBoxStock </span>
                                    <span class='test-status label right outline capitalize pass'>pass</span>
                                    <span class='category-assigned hide '></span>
                                </div>
                                <div class='test-body'>
                                    <div class='test-info'>
                                        <span alt='Test started time' class='test-started-time label green lighten-1 text-white'
                                              title='Test started time'>2021-07-02 13:06:51</span>
                                        <span alt='Test ended time' class='test-ended-time label red lighten-1 text-white'
                                              title='Test ended time'>2021-07-02 13:06:56</span>
                                        <span alt='Time taken to finish' class='test-time-taken label blue-grey lighten-3 text-white'
                                              title='Time taken to finish'>0h 0m 5s+257ms</span>
                                    </div>
                                    <div class='test-desc'></div>
                                    <div class='test-attributes'>
                                    </div>
                                    <div class='test-steps'>
                                        <table class='bordered table-results'>
                                            <thead>
                                            <tr>
                                                <th>Status</th>
                                                <th>Timestamp</th>
                                                <th>Details</th>
                                            </tr>
                                            </thead>
                                            <tbody>
                                            <tr>
                                                <td alt='pass' class='status pass' title='pass'><i
                                                        class='mdi-action-check-circle'></i></td>
                                                <td class='timestamp'>13:06:56</td>
                                                <td class='step-details'>Test passed</td>
                                            </tr>
                                            </tbody>
                                        </table>
                                        <ul class='collapsible node-list' data-collapsible='accordion'>
                                        </ul>
                                    </div>
                                </div>
                            </li>
                            <li class='collection-item test displayed active pass '
                                extentid='f8136de5-4f33-4519-9dc1-3c506c0c96ce'>
                                <div class='test-head'>
                                    <span class='test-name'>navigateToAddressLink </span>
                                    <span class='test-status label right outline capitalize pass'>pass</span>
                                    <span class='category-assigned hide '></span>
                                </div>
                                <div class='test-body'>
                                    <div class='test-info'>
                                        <span alt='Test started time' class='test-started-time label green lighten-1 text-white'
                                              title='Test started time'>2021-07-02 13:09:57</span>
                                        <span alt='Test ended time' class='test-ended-time label red lighten-1 text-white'
                                              title='Test ended time'>2021-07-02 13:09:57</span>
                                        <span alt='Time taken to finish' class='test-time-taken label blue-grey lighten-3 text-white'
                                              title='Time taken to finish'>0h 0m 0s+633ms</span>
                                    </div>
                                    <div class='test-desc'></div>
                                    <div class='test-attributes'>
                                    </div>
                                    <div class='test-steps'>
                                        <table class='bordered table-results'>
                                            <thead>
                                            <tr>
                                                <th>Status</th>
                                                <th>Timestamp</th>
                                                <th>Details</th>
                                            </tr>
                                            </thead>
                                            <tbody>
                                            <tr>
                                                <td alt='pass' class='status pass' title='pass'><i
                                                        class='mdi-action-check-circle'></i></td>
                                                <td class='timestamp'>13:09:57</td>
                                                <td class='step-details'>Test passed</td>
                                            </tr>
                                            </tbody>
                                        </table>
                                        <ul class='collapsible node-list' data-collapsible='accordion'>
                                        </ul>
                                    </div>
                                </div>
                            </li>
                            <li class='collection-item test displayed active pass '
                                extentid='78360510-876c-4b22-93a9-9727674d64db'>
                                <div class='test-head'>
                                    <span class='test-name'>verifySearchItem </span>
                                    <span class='test-status label right outline capitalize pass'>pass</span>
                                    <span class='category-assigned hide '></span>
                                </div>
                                <div class='test-body'>
                                    <div class='test-info'>
                                        <span alt='Test started time' class='test-started-time label green lighten-1 text-white'
                                              title='Test started time'>2021-07-02 13:06:25</span>
                                        <span alt='Test ended time' class='test-ended-time label red lighten-1 text-white'
                                              title='Test ended time'>2021-07-02 13:06:29</span>
                                        <span alt='Time taken to finish' class='test-time-taken label blue-grey lighten-3 text-white'
                                              title='Time taken to finish'>0h 0m 3s+942ms</span>
                                    </div>
                                    <div class='test-desc'></div>
                                    <div class='test-attributes'>
                                    </div>
                                    <div class='test-steps'>
                                        <table class='bordered table-results'>
                                            <thead>
                                            <tr>
                                                <th>Status</th>
                                                <th>Timestamp</th>
                                                <th>Details</th>
                                            </tr>
                                            </thead>
                                            <tbody>
                                            <tr>
                                                <td alt='pass' class='status pass' title='pass'><i
                                                        class='mdi-action-check-circle'></i></td>
                                                <td class='timestamp'>13:06:29</td>
                                                <td class='step-details'>Test passed</td>
                                            </tr>
                                            </tbody>
                                        </table>
                                        <ul class='collapsible node-list' data-collapsible='accordion'>
                                        </ul>
                                    </div>
                                </div>
                            </li>
                            <li class='collection-item test displayed active pass '
                                extentid='6419e232-f966-4cd1-9a7d-88db48b33111'>
                                <div class='test-head'>
                                    <span class='test-name'>verifyYrOrderPageLabel </span>
                                    <span class='test-status label right outline capitalize pass'>pass</span>
                                    <span class='category-assigned hide '></span>
                                </div>
                                <div class='test-body'>
                                    <div class='test-info'>
                                        <span alt='Test started time' class='test-started-time label green lighten-1 text-white'
                                              title='Test started time'>2021-07-02 13:11:00</span>
                                        <span alt='Test ended time' class='test-ended-time label red lighten-1 text-white'
                                              title='Test ended time'>2021-07-02 13:11:00</span>
                                        <span alt='Time taken to finish' class='test-time-taken label blue-grey lighten-3 text-white'
                                              title='Time taken to finish'>0h 0m 0s+42ms</span>
                                    </div>
                                    <div class='test-desc'></div>
                                    <div class='test-attributes'>
                                    </div>
                                    <div class='test-steps'>
                                        <table class='bordered table-results'>
                                            <thead>
                                            <tr>
                                                <th>Status</th>
                                                <th>Timestamp</th>
                                                <th>Details</th>
                                            </tr>
                                            </thead>
                                            <tbody>
                                            <tr>
                                                <td alt='pass' class='status pass' title='pass'><i
                                                        class='mdi-action-check-circle'></i></td>
                                                <td class='timestamp'>13:11:00</td>
                                                <td class='step-details'>Test passed</td>
                                            </tr>
                                            </tbody>
                                        </table>
                                        <ul class='collapsible node-list' data-collapsible='accordion'>
                                        </ul>
                                    </div>
                                </div>
                            </li>
                            <li class='collection-item test displayed active pass '
                                extentid='9fb9e40b-6a11-4915-b6e8-35eaeb884e9d'>
                                <div class='test-head'>
                                    <span class='test-name'>verify50OffOrMore </span>
                                    <span class='test-status label right outline capitalize pass'>pass</span>
                                    <span class='category-assigned hide '></span>
                                </div>
                                <div class='test-body'>
                                    <div class='test-info'>
                                        <span alt='Test started time' class='test-started-time label green lighten-1 text-white'
                                              title='Test started time'>2021-07-02 13:06:37</span>
                                        <span alt='Test ended time' class='test-ended-time label red lighten-1 text-white'
                                              title='Test ended time'>2021-07-02 13:06:44</span>
                                        <span alt='Time taken to finish' class='test-time-taken label blue-grey lighten-3 text-white'
                                              title='Time taken to finish'>0h 0m 6s+805ms</span>
                                    </div>
                                    <div class='test-desc'></div>
                                    <div class='test-attributes'>
                                    </div>
                                    <div class='test-steps'>
                                        <table class='bordered table-results'>
                                            <thead>
                                            <tr>
                                                <th>Status</th>
                                                <th>Timestamp</th>
                                                <th>Details</th>
                                            </tr>
                                            </thead>
                                            <tbody>
                                            <tr>
                                                <td alt='pass' class='status pass' title='pass'><i
                                                        class='mdi-action-check-circle'></i></td>
                                                <td class='timestamp'>13:06:44</td>
                                                <td class='step-details'>Test passed</td>
                                            </tr>
                                            </tbody>
                                        </table>
                                        <ul class='collapsible node-list' data-collapsible='accordion'>
                                        </ul>
                                    </div>
                                </div>
                            </li>
                            <li class='collection-item test displayed active pass '
                                extentid='c9cb3d2d-5cab-47c6-8f92-e981f7395de5'>
                                <div class='test-head'>
                                    <span class='test-name'>verifyAddToCart </span>
                                    <span class='test-status label right outline capitalize pass'>pass</span>
                                    <span class='category-assigned hide '></span>
                                </div>
                                <div class='test-body'>
                                    <div class='test-info'>
                                        <span alt='Test started time' class='test-started-time label green lighten-1 text-white'
                                              title='Test started time'>2021-07-02 13:11:41</span>
                                        <span alt='Test ended time' class='test-ended-time label red lighten-1 text-white'
                                              title='Test ended time'>2021-07-02 13:11:48</span>
                                        <span alt='Time taken to finish' class='test-time-taken label blue-grey lighten-3 text-white'
                                              title='Time taken to finish'>0h 0m 6s+47ms</span>
                                    </div>
                                    <div class='test-desc'></div>
                                    <div class='test-attributes'>
                                    </div>
                                    <div class='test-steps'>
                                        <table class='bordered table-results'>
                                            <thead>
                                            <tr>
                                                <th>Status</th>
                                                <th>Timestamp</th>
                                                <th>Details</th>
                                            </tr>
                                            </thead>
                                            <tbody>
                                            <tr>
                                                <td alt='pass' class='status pass' title='pass'><i
                                                        class='mdi-action-check-circle'></i></td>
                                                <td class='timestamp'>13:11:48</td>
                                                <td class='step-details'>Test passed</td>
                                            </tr>
                                            </tbody>
                                        </table>
                                        <ul class='collapsible node-list' data-collapsible='accordion'>
                                        </ul>
                                    </div>
                                </div>
                            </li>
                            <li class='collection-item test displayed active pass '
                                extentid='86d465e5-61dd-44b3-8305-fb3b0d824c97'>
                                <div class='test-head'>
                                    <span class='test-name'>verifyNavigateToCart </span>
                                    <span class='test-status label right outline capitalize pass'>pass</span>
                                    <span class='category-assigned hide '></span>
                                </div>
                                <div class='test-body'>
                                    <div class='test-info'>
                                        <span alt='Test started time' class='test-started-time label green lighten-1 text-white'
                                              title='Test started time'>2021-07-02 13:08:17</span>
                                        <span alt='Test ended time' class='test-ended-time label red lighten-1 text-white'
                                              title='Test ended time'>2021-07-02 13:08:34</span>
                                        <span alt='Time taken to finish' class='test-time-taken label blue-grey lighten-3 text-white'
                                              title='Time taken to finish'>0h 0m 16s+977ms</span>
                                    </div>
                                    <div class='test-desc'></div>
                                    <div class='test-attributes'>
                                    </div>
                                    <div class='test-steps'>
                                        <table class='bordered table-results'>
                                            <thead>
                                            <tr>
                                                <th>Status</th>
                                                <th>Timestamp</th>
                                                <th>Details</th>
                                            </tr>
                                            </thead>
                                            <tbody>
                                            <tr>
                                                <td alt='pass' class='status pass' title='pass'><i
                                                        class='mdi-action-check-circle'></i></td>
                                                <td class='timestamp'>13:08:34</td>
                                                <td class='step-details'>Test passed</td>
                                            </tr>
                                            </tbody>
                                        </table>
                                        <ul class='collapsible node-list' data-collapsible='accordion'>
                                        </ul>
                                    </div>
                                </div>
                            </li>
                            <li class='collection-item test displayed active pass '
                                extentid='f1320920-4544-44af-ba3a-808d69f384b6'>
                                <div class='test-head'>
                                    <span class='test-name'>verifyLoggedUserName </span>
                                    <span class='test-status label right outline capitalize pass'>pass</span>
                                    <span class='category-assigned hide '></span>
                                </div>
                                <div class='test-body'>
                                    <div class='test-info'>
                                        <span alt='Test started time' class='test-started-time label green lighten-1 text-white'
                                              title='Test started time'>2021-07-02 13:04:49</span>
                                        <span alt='Test ended time' class='test-ended-time label red lighten-1 text-white'
                                              title='Test ended time'>2021-07-02 13:04:51</span>
                                        <span alt='Time taken to finish' class='test-time-taken label blue-grey lighten-3 text-white'
                                              title='Time taken to finish'>0h 0m 1s+826ms</span>
                                    </div>
                                    <div class='test-desc'></div>
                                    <div class='test-attributes'>
                                    </div>
                                    <div class='test-steps'>
                                        <table class='bordered table-results'>
                                            <thead>
                                            <tr>
                                                <th>Status</th>
                                                <th>Timestamp</th>
                                                <th>Details</th>
                                            </tr>
                                            </thead>
                                            <tbody>
                                            <tr>
                                                <td alt='pass' class='status pass' title='pass'><i
                                                        class='mdi-action-check-circle'></i></td>
                                                <td class='timestamp'>13:04:51</td>
                                                <td class='step-details'>Test passed</td>
                                            </tr>
                                            </tbody>
                                        </table>
                                        <ul class='collapsible node-list' data-collapsible='accordion'>
                                        </ul>
                                    </div>
                                </div>
                            </li>
                            <li class='collection-item test displayed active pass '
                                extentid='dd2bd3ad-743f-4091-b683-c293c5cbe052'>
                                <div class='test-head'>
                                    <span class='test-name'>verifyAddToCart </span>
                                    <span class='test-status label right outline capitalize pass'>pass</span>
                                    <span class='category-assigned hide '></span>
                                </div>
                                <div class='test-body'>
                                    <div class='test-info'>
                                        <span alt='Test started time' class='test-started-time label green lighten-1 text-white'
                                              title='Test started time'>2021-07-02 13:07:34</span>
                                        <span alt='Test ended time' class='test-ended-time label red lighten-1 text-white'
                                              title='Test ended time'>2021-07-02 13:07:44</span>
                                        <span alt='Time taken to finish' class='test-time-taken label blue-grey lighten-3 text-white'
                                              title='Time taken to finish'>0h 0m 10s+511ms</span>
                                    </div>
                                    <div class='test-desc'></div>
                                    <div class='test-attributes'>
                                    </div>
                                    <div class='test-steps'>
                                        <table class='bordered table-results'>
                                            <thead>
                                            <tr>
                                                <th>Status</th>
                                                <th>Timestamp</th>
                                                <th>Details</th>
                                            </tr>
                                            </thead>
                                            <tbody>
                                            <tr>
                                                <td alt='pass' class='status pass' title='pass'><i
                                                        class='mdi-action-check-circle'></i></td>
                                                <td class='timestamp'>13:07:44</td>
                                                <td class='step-details'>Test passed</td>
                                            </tr>
                                            </tbody>
                                        </table>
                                        <ul class='collapsible node-list' data-collapsible='accordion'>
                                        </ul>
                                    </div>
                                </div>
                            </li>
                            <li class='collection-item test displayed active pass '
                                extentid='c9b856c3-ed6b-4abc-9242-ac409505acc8'>
                                <div class='test-head'>
                                    <span class='test-name'>amazonLogoImageTest </span>
                                    <span class='test-status label right outline capitalize pass'>pass</span>
                                    <span class='category-assigned hide '></span>
                                </div>
                                <div class='test-body'>
                                    <div class='test-info'>
                                        <span alt='Test started time' class='test-started-time label green lighten-1 text-white'
                                              title='Test started time'>2021-07-02 13:09:20</span>
                                        <span alt='Test ended time' class='test-ended-time label red lighten-1 text-white'
                                              title='Test ended time'>2021-07-02 13:09:23</span>
                                        <span alt='Time taken to finish' class='test-time-taken label blue-grey lighten-3 text-white'
                                              title='Time taken to finish'>0h 0m 2s+690ms</span>
                                    </div>
                                    <div class='test-desc'></div>
                                    <div class='test-attributes'>
                                    </div>
                                    <div class='test-steps'>
                                        <table class='bordered table-results'>
                                            <thead>
                                            <tr>
                                                <th>Status</th>
                                                <th>Timestamp</th>
                                                <th>Details</th>
                                            </tr>
                                            </thead>
                                            <tbody>
                                            <tr>
                                                <td alt='pass' class='status pass' title='pass'><i
                                                        class='mdi-action-check-circle'></i></td>
                                                <td class='timestamp'>13:09:23</td>
                                                <td class='step-details'>Test passed</td>
                                            </tr>
                                            </tbody>
                                        </table>
                                        <ul class='collapsible node-list' data-collapsible='accordion'>
                                        </ul>
                                    </div>
                                </div>
                            </li>
                            <li class='collection-item test displayed active pass '
                                extentid='4e37bf16-ced1-4fe6-8ede-a22286a778cc'>
                                <div class='test-head'>
                                    <span class='test-name'>VerifyUserLogin </span>
                                    <span class='test-status label right outline capitalize pass'>pass</span>
                                    <span class='category-assigned hide '></span>
                                </div>
                                <div class='test-body'>
                                    <div class='test-info'>
                                        <span alt='Test started time' class='test-started-time label green lighten-1 text-white'
                                              title='Test started time'>2021-07-02 13:04:38</span>
                                        <span alt='Test ended time' class='test-ended-time label red lighten-1 text-white'
                                              title='Test ended time'>2021-07-02 13:04:41</span>
                                        <span alt='Time taken to finish' class='test-time-taken label blue-grey lighten-3 text-white'
                                              title='Time taken to finish'>0h 0m 2s+735ms</span>
                                    </div>
                                    <div class='test-desc'></div>
                                    <div class='test-attributes'>
                                    </div>
                                    <div class='test-steps'>
                                        <table class='bordered table-results'>
                                            <thead>
                                            <tr>
                                                <th>Status</th>
                                                <th>Timestamp</th>
                                                <th>Details</th>
                                            </tr>
                                            </thead>
                                            <tbody>
                                            <tr>
                                                <td alt='pass' class='status pass' title='pass'><i
                                                        class='mdi-action-check-circle'></i></td>
                                                <td class='timestamp'>13:04:41</td>
                                                <td class='step-details'>Test passed</td>
                                            </tr>
                                            </tbody>
                                        </table>
                                        <ul class='collapsible node-list' data-collapsible='accordion'>
                                        </ul>
                                    </div>
                                </div>
                            </li>
                            <li class='collection-item test displayed active pass '
                                extentid='f4df4fb9-6b84-40c2-9976-ce67584e246b'>
                                <div class='test-head'>
                                    <span class='test-name'>verifySignInLabel </span>
                                    <span class='test-status label right outline capitalize pass'>pass</span>
                                    <span class='category-assigned hide '></span>
                                </div>
                                <div class='test-body'>
                                    <div class='test-info'>
                                        <span alt='Test started time' class='test-started-time label green lighten-1 text-white'
                                              title='Test started time'>2021-07-02 13:04:32</span>
                                        <span alt='Test ended time' class='test-ended-time label red lighten-1 text-white'
                                              title='Test ended time'>2021-07-02 13:04:33</span>
                                        <span alt='Time taken to finish' class='test-time-taken label blue-grey lighten-3 text-white'
                                              title='Time taken to finish'>0h 0m 1s+424ms</span>
                                    </div>
                                    <div class='test-desc'></div>
                                    <div class='test-attributes'>
                                    </div>
                                    <div class='test-steps'>
                                        <table class='bordered table-results'>
                                            <thead>
                                            <tr>
                                                <th>Status</th>
                                                <th>Timestamp</th>
                                                <th>Details</th>
                                            </tr>
                                            </thead>
                                            <tbody>
                                            <tr>
                                                <td alt='pass' class='status pass' title='pass'><i
                                                        class='mdi-action-check-circle'></i></td>
                                                <td class='timestamp'>13:04:33</td>
                                                <td class='step-details'>Test passed</td>
                                            </tr>
                                            </tbody>
                                        </table>
                                        <ul class='collapsible node-list' data-collapsible='accordion'>
                                        </ul>
                                    </div>
                                </div>
                            </li>
                            <li class='collection-item test displayed active pass '
                                extentid='bba23e10-8237-4947-ade6-ace6fb865bff'>
                                <div class='test-head'>
                                    <span class='test-name'>verifyNavigateNewTab </span>
                                    <span class='test-status label right outline capitalize pass'>pass</span>
                                    <span class='category-assigned hide '></span>
                                </div>
                                <div class='test-body'>
                                    <div class='test-info'>
                                        <span alt='Test started time' class='test-started-time label green lighten-1 text-white'
                                              title='Test started time'>2021-07-02 13:07:17</span>
                                        <span alt='Test ended time' class='test-ended-time label red lighten-1 text-white'
                                              title='Test ended time'>2021-07-02 13:07:27</span>
                                        <span alt='Time taken to finish' class='test-time-taken label blue-grey lighten-3 text-white'
                                              title='Time taken to finish'>0h 0m 10s+151ms</span>
                                    </div>
                                    <div class='test-desc'></div>
                                    <div class='test-attributes'>
                                    </div>
                                    <div class='test-steps'>
                                        <table class='bordered table-results'>
                                            <thead>
                                            <tr>
                                                <th>Status</th>
                                                <th>Timestamp</th>
                                                <th>Details</th>
                                            </tr>
                                            </thead>
                                            <tbody>
                                            <tr>
                                                <td alt='pass' class='status pass' title='pass'><i
                                                        class='mdi-action-check-circle'></i></td>
                                                <td class='timestamp'>13:07:27</td>
                                                <td class='step-details'>Test passed</td>
                                            </tr>
                                            </tbody>
                                        </table>
                                        <ul class='collapsible node-list' data-collapsible='accordion'>
                                        </ul>
                                    </div>
                                </div>
                            </li>
                            <li class='collection-item test displayed active pass '
                                extentid='77065331-b8f2-4dd4-a851-723358234558'>
                                <div class='test-head'>
                                    <span class='test-name'>clickOnAmazonPayPage </span>
                                    <span class='test-status label right outline capitalize pass'>pass</span>
                                    <span class='category-assigned hide '></span>
                                </div>
                                <div class='test-body'>
                                    <div class='test-info'>
                                        <span alt='Test started time' class='test-started-time label green lighten-1 text-white'
                                              title='Test started time'>2021-07-02 13:05:54</span>
                                        <span alt='Test ended time' class='test-ended-time label red lighten-1 text-white'
                                              title='Test ended time'>2021-07-02 13:05:57</span>
                                        <span alt='Time taken to finish' class='test-time-taken label blue-grey lighten-3 text-white'
                                              title='Time taken to finish'>0h 0m 3s+271ms</span>
                                    </div>
                                    <div class='test-desc'></div>
                                    <div class='test-attributes'>
                                    </div>
                                    <div class='test-steps'>
                                        <table class='bordered table-results'>
                                            <thead>
                                            <tr>
                                                <th>Status</th>
                                                <th>Timestamp</th>
                                                <th>Details</th>
                                            </tr>
                                            </thead>
                                            <tbody>
                                            <tr>
                                                <td alt='pass' class='status pass' title='pass'><i
                                                        class='mdi-action-check-circle'></i></td>
                                                <td class='timestamp'>13:05:57</td>
                                                <td class='step-details'>Test passed</td>
                                            </tr>
                                            </tbody>
                                        </table>
                                        <ul class='collapsible node-list' data-collapsible='accordion'>
                                        </ul>
                                    </div>
                                </div>
                            </li>
                            <li class='collection-item test displayed active pass '
                                extentid='249c6373-7872-4080-89ab-c1804d1af783'>
                                <div class='test-head'>
                                    <span class='test-name'>verifyCarouselClickable </span>
                                    <span class='test-status label right outline capitalize pass'>pass</span>
                                    <span class='category-assigned hide '></span>
                                </div>
                                <div class='test-body'>
                                    <div class='test-info'>
                                        <span alt='Test started time' class='test-started-time label green lighten-1 text-white'
                                              title='Test started time'>2021-07-02 13:09:08</span>
                                        <span alt='Test ended time' class='test-ended-time label red lighten-1 text-white'
                                              title='Test ended time'>2021-07-02 13:09:11</span>
                                        <span alt='Time taken to finish' class='test-time-taken label blue-grey lighten-3 text-white'
                                              title='Time taken to finish'>0h 0m 2s+868ms</span>
                                    </div>
                                    <div class='test-desc'></div>
                                    <div class='test-attributes'>
                                    </div>
                                    <div class='test-steps'>
                                        <table class='bordered table-results'>
                                            <thead>
                                            <tr>
                                                <th>Status</th>
                                                <th>Timestamp</th>
                                                <th>Details</th>
                                            </tr>
                                            </thead>
                                            <tbody>
                                            <tr>
                                                <td alt='pass' class='status pass' title='pass'><i
                                                        class='mdi-action-check-circle'></i></td>
                                                <td class='timestamp'>13:09:11</td>
                                                <td class='step-details'>Test passed</td>
                                            </tr>
                                            </tbody>
                                        </table>
                                        <ul class='collapsible node-list' data-collapsible='accordion'>
                                        </ul>
                                    </div>
                                </div>
                            </li>
                            <li class='collection-item test displayed active pass '
                                extentid='023a882e-2160-420a-97d9-8b51ab73958c'>
                                <div class='test-head'>
                                    <span class='test-name'>verifyAddNewAddress </span>
                                    <span class='test-status label right outline capitalize pass'>pass</span>
                                    <span class='category-assigned hide '></span>
                                </div>
                                <div class='test-body'>
                                    <div class='test-info'>
                                        <span alt='Test started time' class='test-started-time label green lighten-1 text-white'
                                              title='Test started time'>2021-07-02 13:10:11</span>
                                        <span alt='Test ended time' class='test-ended-time label red lighten-1 text-white'
                                              title='Test ended time'>2021-07-02 13:10:12</span>
                                        <span alt='Time taken to finish' class='test-time-taken label blue-grey lighten-3 text-white'
                                              title='Time taken to finish'>0h 0m 1s+732ms</span>
                                    </div>
                                    <div class='test-desc'></div>
                                    <div class='test-attributes'>
                                    </div>
                                    <div class='test-steps'>
                                        <table class='bordered table-results'>
                                            <thead>
                                            <tr>
                                                <th>Status</th>
                                                <th>Timestamp</th>
                                                <th>Details</th>
                                            </tr>
                                            </thead>
                                            <tbody>
                                            <tr>
                                                <td alt='pass' class='status pass' title='pass'><i
                                                        class='mdi-action-check-circle'></i></td>
                                                <td class='timestamp'>13:10:12</td>
                                                <td class='step-details'>Test passed</td>
                                            </tr>
                                            </tbody>
                                        </table>
                                        <ul class='collapsible node-list' data-collapsible='accordion'>
                                        </ul>
                                    </div>
                                </div>
                            </li>
                            <li class='collection-item test displayed active pass '
                                extentid='a244887b-6191-40f3-802b-7d7f68ebbe7a'>
                                <div class='test-head'>
                                    <span class='test-name'>validateSearchBox </span>
                                    <span class='test-status label right outline capitalize pass'>pass</span>
                                    <span class='category-assigned hide '></span>
                                </div>
                                <div class='test-body'>
                                    <div class='test-info'>
                                        <span alt='Test started time' class='test-started-time label green lighten-1 text-white'
                                              title='Test started time'>2021-07-02 13:11:26</span>
                                        <span alt='Test ended time' class='test-ended-time label red lighten-1 text-white'
                                              title='Test ended time'>2021-07-02 13:11:29</span>
                                        <span alt='Time taken to finish' class='test-time-taken label blue-grey lighten-3 text-white'
                                              title='Time taken to finish'>0h 0m 3s+63ms</span>
                                    </div>
                                    <div class='test-desc'></div>
                                    <div class='test-attributes'>
                                    </div>
                                    <div class='test-steps'>
                                        <table class='bordered table-results'>
                                            <thead>
                                            <tr>
                                                <th>Status</th>
                                                <th>Timestamp</th>
                                                <th>Details</th>
                                            </tr>
                                            </thead>
                                            <tbody>
                                            <tr>
                                                <td alt='pass' class='status pass' title='pass'><i
                                                        class='mdi-action-check-circle'></i></td>
                                                <td class='timestamp'>13:11:29</td>
                                                <td class='step-details'>Test passed</td>
                                            </tr>
                                            </tbody>
                                        </table>
                                        <ul class='collapsible node-list' data-collapsible='accordion'>
                                        </ul>
                                    </div>
                                </div>
                            </li>
                            <li class='collection-item test displayed active pass '
                                extentid='e86645c9-d7fa-4105-8df6-7ad0b1b9ebc7'>
                                <div class='test-head'>
                                    <span class='test-name'>verifyFilterSearchItem </span>
                                    <span class='test-status label right outline capitalize pass'>pass</span>
                                    <span class='category-assigned hide '></span>
                                </div>
                                <div class='test-body'>
                                    <div class='test-info'>
                                        <span alt='Test started time' class='test-started-time label green lighten-1 text-white'
                                              title='Test started time'>2021-07-02 13:07:03</span>
                                        <span alt='Test ended time' class='test-ended-time label red lighten-1 text-white'
                                              title='Test ended time'>2021-07-02 13:07:09</span>
                                        <span alt='Time taken to finish' class='test-time-taken label blue-grey lighten-3 text-white'
                                              title='Time taken to finish'>0h 0m 6s+314ms</span>
                                    </div>
                                    <div class='test-desc'></div>
                                    <div class='test-attributes'>
                                    </div>
                                    <div class='test-steps'>
                                        <table class='bordered table-results'>
                                            <thead>
                                            <tr>
                                                <th>Status</th>
                                                <th>Timestamp</th>
                                                <th>Details</th>
                                            </tr>
                                            </thead>
                                            <tbody>
                                            <tr>
                                                <td alt='pass' class='status pass' title='pass'><i
                                                        class='mdi-action-check-circle'></i></td>
                                                <td class='timestamp'>13:07:09</td>
                                                <td class='step-details'>Test passed</td>
                                            </tr>
                                            </tbody>
                                        </table>
                                        <ul class='collapsible node-list' data-collapsible='accordion'>
                                        </ul>
                                    </div>
                                </div>
                            </li>
                            <li class='collection-item test displayed active pass '
                                extentid='768682a1-5f6e-4994-abd5-a2054ee31302'>
                                <div class='test-head'>
                                    <span class='test-name'>verifySignInNavigation </span>
                                    <span class='test-status label right outline capitalize pass'>pass</span>
                                    <span class='category-assigned hide '></span>
                                </div>
                                <div class='test-body'>
                                    <div class='test-info'>
                                        <span alt='Test started time' class='test-started-time label green lighten-1 text-white'
                                              title='Test started time'>2021-07-02 13:04:25</span>
                                        <span alt='Test ended time' class='test-ended-time label red lighten-1 text-white'
                                              title='Test ended time'>2021-07-02 13:04:26</span>
                                        <span alt='Time taken to finish' class='test-time-taken label blue-grey lighten-3 text-white'
                                              title='Time taken to finish'>0h 0m 1s+303ms</span>
                                    </div>
                                    <div class='test-desc'></div>
                                    <div class='test-attributes'>
                                    </div>
                                    <div class='test-steps'>
                                        <table class='bordered table-results'>
                                            <thead>
                                            <tr>
                                                <th>Status</th>
                                                <th>Timestamp</th>
                                                <th>Details</th>
                                            </tr>
                                            </thead>
                                            <tbody>
                                            <tr>
                                                <td alt='pass' class='status pass' title='pass'><i
                                                        class='mdi-action-check-circle'></i></td>
                                                <td class='timestamp'>13:04:26</td>
                                                <td class='step-details'>Test passed</td>
                                            </tr>
                                            </tbody>
                                        </table>
                                        <ul class='collapsible node-list' data-collapsible='accordion'>
                                        </ul>
                                    </div>
                                </div>
                            </li>
                            <li class='collection-item test displayed active fail '
                                extentid='0b20cad4-1769-407e-a21c-d5beef22bdec'>
                                <div class='test-head'>
                                    <span class='test-name'>createNewADDTest </span>
                                    <span class='test-status label right outline capitalize fail'>fail</span>
                                    <span class='category-assigned hide '></span>
                                </div>
                                <div class='test-body'>
                                    <div class='test-info'>
                                        <span alt='Test started time' class='test-started-time label green lighten-1 text-white'
                                              title='Test started time'>2021-07-02 13:10:25</span>
                                        <span alt='Test ended time' class='test-ended-time label red lighten-1 text-white'
                                              title='Test ended time'>2021-07-02 13:10:48</span>
                                        <span alt='Time taken to finish' class='test-time-taken label blue-grey lighten-3 text-white'
                                              title='Time taken to finish'>0h 0m 22s+732ms</span>
                                    </div>
                                    <div class='test-desc'></div>
                                    <div class='test-attributes'>
                                    </div>
                                    <div class='test-steps'>
                                        <table class='bordered table-results'>
                                            <thead>
                                            <tr>
                                                <th>Status</th>
                                                <th>Timestamp</th>
                                                <th>Details</th>
                                            </tr>
                                            </thead>
                                            <tbody>
                                            <tr>
                                                <td alt='fail' class='status fail' title='fail'><i
                                                        class='mdi-navigation-cancel'></i></td>
                                                <td class='timestamp'>13:10:48</td>
                                                <td class='step-details'><textarea>org.openqa.selenium.NoSuchElementException: no such element: Unable to locate element: {"method":"xpath","selector":"//*[@id="address-ui-widgets-enterAddressFormContainer"]/div[2]/div[4]/span/select"}
  (Session info: chrome=91.0.4472.124)
For documentation on this error, please visit: https://selenium.dev/exceptions/#no_such_element
Build info: version: '4.0.0-beta-3', revision: '5d108f9a67'
System info: host: 'SANDEEP-PAL-LT', ip: '192.168.56.1', os.name: 'Windows 10', os.arch: 'amd64', os.version: '10.0', java.version: '11.0.11'
Driver info: org.openqa.selenium.chrome.ChromeDriver
Command: [10cbb0c1cbbe59197a583eb00aeea383, findElement {using=xpath, value=//*[@id="address-ui-widgets-enterAddressFormContainer"]/div[2]/div[4]/span/select}]
Capabilities {acceptInsecureCerts: false, browserName: chrome, browserVersion: 91.0.4472.124, chrome: {chromedriverVersion: 91.0.4472.101 (af52a90bf870..., userDataDir: C:\Users\SANDEE~1\AppData\L...}, goog:chromeOptions: {debuggerAddress: localhost:63449}, javascriptEnabled: true, networkConnectionEnabled: false, pageLoadStrategy: normal, platform: WINDOWS, platformName: WINDOWS, proxy: Proxy(), se:cdp: ws://localhost:63449/devtoo..., se:cdpVersion: 91.0.4472.124, setWindowRect: true, strictFileInteractability: false, timeouts: {implicit: 0, pageLoad: 300000, script: 30000}, unhandledPromptBehavior: dismiss and notify, webauthn:extension:largeBlob: true, webauthn:virtualAuthenticators: true}
Session ID: 10cbb0c1cbbe59197a583eb00aeea383
	at java.base/jdk.internal.reflect.NativeConstructorAccessorImpl.newInstance0(Native Method)
	at java.base/jdk.internal.reflect.NativeConstructorAccessorImpl.newInstance(NativeConstructorAccessorImpl.java:62)
	at java.base/jdk.internal.reflect.DelegatingConstructorAccessorImpl.newInstance(DelegatingConstructorAccessorImpl.java:45)
	at java.base/java.lang.reflect.Constructor.newInstance(Constructor.java:490)
	at org.openqa.selenium.remote.codec.w3c.W3CHttpResponseCodec.createException(W3CHttpResponseCodec.java:198)
	at org.openqa.selenium.remote.codec.w3c.W3CHttpResponseCodec.decode(W3CHttpResponseCodec.java:131)
	at org.openqa.selenium.remote.codec.w3c.W3CHttpResponseCodec.decode(W3CHttpResponseCodec.java:52)
	at org.openqa.selenium.remote.HttpCommandExecutor.execute(HttpCommandExecutor.java:184)
	at org.openqa.selenium.remote.service.DriverCommandExecutor.invokeExecute(DriverCommandExecutor.java:153)
	at org.openqa.selenium.remote.service.DriverCommandExecutor.execute(DriverCommandExecutor.java:128)
	at org.openqa.selenium.remote.RemoteWebDriver.execute(RemoteWebDriver.java:619)
	at org.openqa.selenium.remote.RemoteWebDriver$Mechanism$2.findElement(RemoteWebDriver.java:1258)
	at org.openqa.selenium.remote.RemoteWebDriver.findElement(RemoteWebDriver.java:386)
	at org.openqa.selenium.remote.RemoteWebDriver.findElement(RemoteWebDriver.java:380)
	at org.openqa.selenium.support.pagefactory.DefaultElementLocator.findElement(DefaultElementLocator.java:70)
	at org.openqa.selenium.support.pagefactory.internal.LocatingElementHandler.invoke(LocatingElementHandler.java:39)
	at com.sun.proxy.$Proxy19.getTagName(Unknown Source)
	at org.openqa.selenium.support.ui.Select.<init>(Select.java:46)
	at com.amazonautomation.qa.pages.YourAccountPage.createNewAddress(YourAccountPage.java:76)
	at com.amazonautomation.qa.testcase.YourAccountPageTest.createNewADDTest(YourAccountPageTest.java:46)
	at java.base/jdk.internal.reflect.NativeMethodAccessorImpl.invoke0(Native Method)
	at java.base/jdk.internal.reflect.NativeMethodAccessorImpl.invoke(NativeMethodAccessorImpl.java:62)
	at java.base/jdk.internal.reflect.DelegatingMethodAccessorImpl.invoke(DelegatingMethodAccessorImpl.java:43)
	at java.base/java.lang.reflect.Method.invoke(Method.java:566)
	at org.testng.internal.MethodInvocationHelper.invokeMethod(MethodInvocationHelper.java:133)
	at org.testng.internal.TestInvoker.invokeMethod(TestInvoker.java:598)
	at org.testng.internal.TestInvoker.invokeTestMethod(TestInvoker.java:173)
	at org.testng.internal.MethodRunner.runInSequence(MethodRunner.java:46)
	at org.testng.internal.TestInvoker$MethodInvocationAgent.invoke(TestInvoker.java:824)
	at org.testng.internal.TestInvoker.invokeTestMethods(TestInvoker.java:146)
	at org.testng.internal.TestMethodWorker.invokeTestMethods(TestMethodWorker.java:146)
	at org.testng.internal.TestMethodWorker.run(TestMethodWorker.java:128)
	at java.base/java.util.ArrayList.forEach(ArrayList.java:1541)
	at org.testng.TestRunner.privateRun(TestRunner.java:794)
	at org.testng.TestRunner.run(TestRunner.java:596)
	at org.testng.SuiteRunner.runTest(SuiteRunner.java:377)
	at org.testng.SuiteRunner.runSequentially(SuiteRunner.java:371)
	at org.testng.SuiteRunner.privateRun(SuiteRunner.java:332)
	at org.testng.SuiteRunner.run(SuiteRunner.java:276)
	at org.testng.SuiteRunnerWorker.runSuite(SuiteRunnerWorker.java:53)
	at org.testng.SuiteRunnerWorker.run(SuiteRunnerWorker.java:96)
	at org.testng.TestNG.runSuitesSequentially(TestNG.java:1212)
	at org.testng.TestNG.runSuitesLocally(TestNG.java:1134)
	at org.testng.TestNG.runSuites(TestNG.java:1063)
	at org.testng.TestNG.run(TestNG.java:1031)
	at com.intellij.rt.testng.IDEARemoteTestNG.run(IDEARemoteTestNG.java:66)
	at com.intellij.rt.testng.RemoteTestNGStarter.main(RemoteTestNGStarter.java:109)
</textarea></td>
                                            </tr>
                                            </tbody>
                                        </table>
                                        <ul class='collapsible node-list' data-collapsible='accordion'>
                                        </ul>
                                    </div>
                                </div>
                            </li>
                            <li class='collection-item test displayed active fail '
                                extentid='e2ae4150-0ca5-4ef0-b618-52e5d4e7f9aa'>
                                <div class='test-head'>
                                    <span class='test-name'>verifyBackToTop </span>
                                    <span class='test-status label right outline capitalize fail'>fail</span>
                                    <span class='category-assigned hide '></span>
                                </div>
                                <div class='test-body'>
                                    <div class='test-info'>
                                        <span alt='Test started time' class='test-started-time label green lighten-1 text-white'
                                              title='Test started time'>2021-07-02 13:08:41</span>
                                        <span alt='Test ended time' class='test-ended-time label red lighten-1 text-white'
                                              title='Test ended time'>2021-07-02 13:09:01</span>
                                        <span alt='Time taken to finish' class='test-time-taken label blue-grey lighten-3 text-white'
                                              title='Time taken to finish'>0h 0m 20s+33ms</span>
                                    </div>
                                    <div class='test-desc'></div>
                                    <div class='test-attributes'>
                                    </div>
                                    <div class='test-steps'>
                                        <table class='bordered table-results'>
                                            <thead>
                                            <tr>
                                                <th>Status</th>
                                                <th>Timestamp</th>
                                                <th>Details</th>
                                            </tr>
                                            </thead>
                                            <tbody>
                                            <tr>
                                                <td alt='fail' class='status fail' title='fail'><i
                                                        class='mdi-navigation-cancel'></i></td>
                                                <td class='timestamp'>13:09:01</td>
                                                <td class='step-details'><pre>org.openqa.selenium.NoSuchElementException: no such element: Unable to locate element: {"method":"xpath","selector":"//img[@alt='Your language is live']"}
  (Session info: chrome=91.0.4472.124)
For documentation on this error, please visit: https://selenium.dev/exceptions/#no_such_element
Build info: version: '4.0.0-beta-3', revision: '5d108f9a67'
System info: host: 'SANDEEP-PAL-LT', ip: '192.168.56.1', os.name: 'Windows 10', os.arch: 'amd64', os.version: '10.0', java.version: '11.0.11'
Driver info: org.openqa.selenium.chrome.ChromeDriver
Command: [ea47c78d48103e1c92efbb85f6561214, findElement {using=xpath, value=//img[@alt='Your language is live']}]
Capabilities {acceptInsecureCerts: false, browserName: chrome, browserVersion: 91.0.4472.124, chrome: {chromedriverVersion: 91.0.4472.101 (af52a90bf870..., userDataDir: C:\Users\SANDEE~1\AppData\L...}, goog:chromeOptions: {debuggerAddress: localhost:50392}, javascriptEnabled: true, networkConnectionEnabled: false, pageLoadStrategy: normal, platform: WINDOWS, platformName: WINDOWS, proxy: Proxy(), se:cdp: ws://localhost:50392/devtoo..., se:cdpVersion: 91.0.4472.124, setWindowRect: true, strictFileInteractability: false, timeouts: {implicit: 0, pageLoad: 300000, script: 30000}, unhandledPromptBehavior: dismiss and notify, webauthn:extension:largeBlob: true, webauthn:virtualAuthenticators: true}
Session ID: ea47c78d48103e1c92efbb85f6561214
	at java.base/jdk.internal.reflect.NativeConstructorAccessorImpl.newInstance0(Native Method)
	at java.base/jdk.internal.reflect.NativeConstructorAccessorImpl.newInstance(NativeConstructorAccessorImpl.java:62)
	at java.base/jdk.internal.reflect.DelegatingConstructorAccessorImpl.newInstance(DelegatingConstructorAccessorImpl.java:45)
	at java.base/java.lang.reflect.Constructor.newInstance(Constructor.java:490)
	at org.openqa.selenium.remote.codec.w3c.W3CHttpResponseCodec.createException(W3CHttpResponseCodec.java:198)
	at org.openqa.selenium.remote.codec.w3c.W3CHttpResponseCodec.decode(W3CHttpResponseCodec.java:131)
	at org.openqa.selenium.remote.codec.w3c.W3CHttpResponseCodec.decode(W3CHttpResponseCodec.java:52)
	at org.openqa.selenium.remote.HttpCommandExecutor.execute(HttpCommandExecutor.java:184)
	at org.openqa.selenium.remote.service.DriverCommandExecutor.invokeExecute(DriverCommandExecutor.java:153)
	at org.openqa.selenium.remote.service.DriverCommandExecutor.execute(DriverCommandExecutor.java:128)
	at org.openqa.selenium.remote.RemoteWebDriver.execute(RemoteWebDriver.java:619)
	at org.openqa.selenium.remote.RemoteWebDriver$Mechanism$2.findElement(RemoteWebDriver.java:1258)
	at org.openqa.selenium.remote.RemoteWebDriver.findElement(RemoteWebDriver.java:386)
	at org.openqa.selenium.remote.RemoteWebDriver.findElement(RemoteWebDriver.java:380)
	at org.openqa.selenium.support.pagefactory.DefaultElementLocator.findElement(DefaultElementLocator.java:70)
	at org.openqa.selenium.support.pagefactory.internal.LocatingElementHandler.invoke(LocatingElementHandler.java:39)
	at com.sun.proxy.$Proxy19.getWrappedElement(Unknown Source)
	at org.openqa.selenium.remote.internal.WebElementToJsonConverter.apply(WebElementToJsonConverter.java:52)
	at java.base/java.util.stream.ReferencePipeline$3$1.accept(ReferencePipeline.java:195)
	at java.base/java.util.Spliterators$ArraySpliterator.forEachRemaining(Spliterators.java:948)
	at java.base/java.util.stream.AbstractPipeline.copyInto(AbstractPipeline.java:484)
	at java.base/java.util.stream.AbstractPipeline.wrapAndCopyInto(AbstractPipeline.java:474)
	at java.base/java.util.stream.ReduceOps$ReduceOp.evaluateSequential(ReduceOps.java:913)
	at java.base/java.util.stream.AbstractPipeline.evaluate(AbstractPipeline.java:234)
	at java.base/java.util.stream.ReferencePipeline.collect(ReferencePipeline.java:578)
	at org.openqa.selenium.remote.RemoteWebDriver.executeScript(RemoteWebDriver.java:550)
	at com.amazonautomation.qa.pages.HomePage.scrollDownHomePage(HomePage.java:174)
	at com.amazonautomation.qa.testcase.HomePageTest.verifyBackToTop(HomePageTest.java:104)
	at java.base/jdk.internal.reflect.NativeMethodAccessorImpl.invoke0(Native Method)
	at java.base/jdk.internal.reflect.NativeMethodAccessorImpl.invoke(NativeMethodAccessorImpl.java:62)
	at java.base/jdk.internal.reflect.DelegatingMethodAccessorImpl.invoke(DelegatingMethodAccessorImpl.java:43)
	at java.base/java.lang.reflect.Method.invoke(Method.java:566)
	at org.testng.internal.MethodInvocationHelper.invokeMethod(MethodInvocationHelper.java:133)
	at org.testng.internal.TestInvoker.invokeMethod(TestInvoker.java:598)
	at org.testng.internal.TestInvoker.invokeTestMethod(TestInvoker.java:173)
	at org.testng.internal.MethodRunner.runInSequence(MethodRunner.java:46)
	at org.testng.internal.TestInvoker$MethodInvocationAgent.invoke(TestInvoker.java:824)
	at org.testng.internal.TestInvoker.invokeTestMethods(TestInvoker.java:146)
	at org.testng.internal.TestMethodWorker.invokeTestMethods(TestMethodWorker.java:146)
	at org.testng.internal.TestMethodWorker.run(TestMethodWorker.java:128)
	at java.base/java.util.ArrayList.forEach(ArrayList.java:1541)
	at org.testng.TestRunner.privateRun(TestRunner.java:794)
	at org.testng.TestRunner.run(TestRunner.java:596)
	at org.testng.SuiteRunner.runTest(SuiteRunner.java:377)
	at org.testng.SuiteRunner.runSequentially(SuiteRunner.java:371)
	at org.testng.SuiteRunner.privateRun(SuiteRunner.java:332)
	at org.testng.SuiteRunner.run(SuiteRunner.java:276)
	at org.testng.SuiteRunnerWorker.runSuite(SuiteRunnerWorker.java:53)
	at org.testng.SuiteRunnerWorker.run(SuiteRunnerWorker.java:96)
	at org.testng.TestNG.runSuitesSequentially(TestNG.java:1212)
	at org.testng.TestNG.runSuitesLocally(TestNG.java:1134)
	at org.testng.TestNG.runSuites(TestNG.java:1063)
	at org.testng.TestNG.run(TestNG.java:1031)
	at com.intellij.rt.testng.IDEARemoteTestNG.run(IDEARemoteTestNG.java:66)
	at com.intellij.rt.testng.RemoteTestNGStarter.main(RemoteTestNGStarter.java:109)
</pre>
                                                </td>
                                            </tr>
                                            </tbody>
                                        </table>
                                        <ul class='collapsible node-list' data-collapsible='accordion'>
                                        </ul>
                                    </div>
                                </div>
                            </li>
                            <li class='collection-item test displayed active fail '
                                extentid='b5eb79f9-462c-4ece-ba7d-3c5a970ea7ab'>
                                <div class='test-head'>
                                    <span class='test-name'>verifyScrollDown </span>
                                    <span class='test-status label right outline capitalize fail'>fail</span>
                                    <span class='category-assigned hide '></span>
                                </div>
                                <div class='test-body'>
                                    <div class='test-info'>
                                        <span alt='Test started time' class='test-started-time label green lighten-1 text-white'
                                              title='Test started time'>2021-07-02 13:07:51</span>
                                        <span alt='Test ended time' class='test-ended-time label red lighten-1 text-white'
                                              title='Test ended time'>2021-07-02 13:08:11</span>
                                        <span alt='Time taken to finish' class='test-time-taken label blue-grey lighten-3 text-white'
                                              title='Time taken to finish'>0h 0m 20s+27ms</span>
                                    </div>
                                    <div class='test-desc'></div>
                                    <div class='test-attributes'>
                                    </div>
                                    <div class='test-steps'>
                                        <table class='bordered table-results'>
                                            <thead>
                                            <tr>
                                                <th>Status</th>
                                                <th>Timestamp</th>
                                                <th>Details</th>
                                            </tr>
                                            </thead>
                                            <tbody>
                                            <tr>
                                                <td alt='fail' class='status fail' title='fail'><i
                                                        class='mdi-navigation-cancel'></i></td>
                                                <td class='timestamp'>13:08:11</td>
                                                <td class='step-details'><pre>org.openqa.selenium.NoSuchElementException: no such element: Unable to locate element: {"method":"xpath","selector":"//img[@alt='Your language is live']"}
  (Session info: chrome=91.0.4472.124)
For documentation on this error, please visit: https://selenium.dev/exceptions/#no_such_element
Build info: version: '4.0.0-beta-3', revision: '5d108f9a67'
System info: host: 'SANDEEP-PAL-LT', ip: '192.168.56.1', os.name: 'Windows 10', os.arch: 'amd64', os.version: '10.0', java.version: '11.0.11'
Driver info: org.openqa.selenium.chrome.ChromeDriver
Command: [52a6c4f5c7c6f375d731b3018bd5a97e, findElement {using=xpath, value=//img[@alt='Your language is live']}]
Capabilities {acceptInsecureCerts: false, browserName: chrome, browserVersion: 91.0.4472.124, chrome: {chromedriverVersion: 91.0.4472.101 (af52a90bf870..., userDataDir: C:\Users\SANDEE~1\AppData\L...}, goog:chromeOptions: {debuggerAddress: localhost:63191}, javascriptEnabled: true, networkConnectionEnabled: false, pageLoadStrategy: normal, platform: WINDOWS, platformName: WINDOWS, proxy: Proxy(), se:cdp: ws://localhost:63191/devtoo..., se:cdpVersion: 91.0.4472.124, setWindowRect: true, strictFileInteractability: false, timeouts: {implicit: 0, pageLoad: 300000, script: 30000}, unhandledPromptBehavior: dismiss and notify, webauthn:extension:largeBlob: true, webauthn:virtualAuthenticators: true}
Session ID: 52a6c4f5c7c6f375d731b3018bd5a97e
	at java.base/jdk.internal.reflect.NativeConstructorAccessorImpl.newInstance0(Native Method)
	at java.base/jdk.internal.reflect.NativeConstructorAccessorImpl.newInstance(NativeConstructorAccessorImpl.java:62)
	at java.base/jdk.internal.reflect.DelegatingConstructorAccessorImpl.newInstance(DelegatingConstructorAccessorImpl.java:45)
	at java.base/java.lang.reflect.Constructor.newInstance(Constructor.java:490)
	at org.openqa.selenium.remote.codec.w3c.W3CHttpResponseCodec.createException(W3CHttpResponseCodec.java:198)
	at org.openqa.selenium.remote.codec.w3c.W3CHttpResponseCodec.decode(W3CHttpResponseCodec.java:131)
	at org.openqa.selenium.remote.codec.w3c.W3CHttpResponseCodec.decode(W3CHttpResponseCodec.java:52)
	at org.openqa.selenium.remote.HttpCommandExecutor.execute(HttpCommandExecutor.java:184)
	at org.openqa.selenium.remote.service.DriverCommandExecutor.invokeExecute(DriverCommandExecutor.java:153)
	at org.openqa.selenium.remote.service.DriverCommandExecutor.execute(DriverCommandExecutor.java:128)
	at org.openqa.selenium.remote.RemoteWebDriver.execute(RemoteWebDriver.java:619)
	at org.openqa.selenium.remote.RemoteWebDriver$Mechanism$2.findElement(RemoteWebDriver.java:1258)
	at org.openqa.selenium.remote.RemoteWebDriver.findElement(RemoteWebDriver.java:386)
	at org.openqa.selenium.remote.RemoteWebDriver.findElement(RemoteWebDriver.java:380)
	at org.openqa.selenium.support.pagefactory.DefaultElementLocator.findElement(DefaultElementLocator.java:70)
	at org.openqa.selenium.support.pagefactory.internal.LocatingElementHandler.invoke(LocatingElementHandler.java:39)
	at com.sun.proxy.$Proxy19.getWrappedElement(Unknown Source)
	at org.openqa.selenium.remote.internal.WebElementToJsonConverter.apply(WebElementToJsonConverter.java:52)
	at java.base/java.util.stream.ReferencePipeline$3$1.accept(ReferencePipeline.java:195)
	at java.base/java.util.Spliterators$ArraySpliterator.forEachRemaining(Spliterators.java:948)
	at java.base/java.util.stream.AbstractPipeline.copyInto(AbstractPipeline.java:484)
	at java.base/java.util.stream.AbstractPipeline.wrapAndCopyInto(AbstractPipeline.java:474)
	at java.base/java.util.stream.ReduceOps$ReduceOp.evaluateSequential(ReduceOps.java:913)
	at java.base/java.util.stream.AbstractPipeline.evaluate(AbstractPipeline.java:234)
	at java.base/java.util.stream.ReferencePipeline.collect(ReferencePipeline.java:578)
	at org.openqa.selenium.remote.RemoteWebDriver.executeScript(RemoteWebDriver.java:550)
	at com.amazonautomation.qa.pages.HomePage.scrollDownHomePage(HomePage.java:174)
	at com.amazonautomation.qa.testcase.HomePageTest.verifyScrollDown(HomePageTest.java:99)
	at java.base/jdk.internal.reflect.NativeMethodAccessorImpl.invoke0(Native Method)
	at java.base/jdk.internal.reflect.NativeMethodAccessorImpl.invoke(NativeMethodAccessorImpl.java:62)
	at java.base/jdk.internal.reflect.DelegatingMethodAccessorImpl.invoke(DelegatingMethodAccessorImpl.java:43)
	at java.base/java.lang.reflect.Method.invoke(Method.java:566)
	at org.testng.internal.MethodInvocationHelper.invokeMethod(MethodInvocationHelper.java:133)
	at org.testng.internal.TestInvoker.invokeMethod(TestInvoker.java:598)
	at org.testng.internal.TestInvoker.invokeTestMethod(TestInvoker.java:173)
	at org.testng.internal.MethodRunner.runInSequence(MethodRunner.java:46)
	at org.testng.internal.TestInvoker$MethodInvocationAgent.invoke(TestInvoker.java:824)
	at org.testng.internal.TestInvoker.invokeTestMethods(TestInvoker.java:146)
	at org.testng.internal.TestMethodWorker.invokeTestMethods(TestMethodWorker.java:146)
	at org.testng.internal.TestMethodWorker.run(TestMethodWorker.java:128)
	at java.base/java.util.ArrayList.forEach(ArrayList.java:1541)
	at org.testng.TestRunner.privateRun(TestRunner.java:794)
	at org.testng.TestRunner.run(TestRunner.java:596)
	at org.testng.SuiteRunner.runTest(SuiteRunner.java:377)
	at org.testng.SuiteRunner.runSequentially(SuiteRunner.java:371)
	at org.testng.SuiteRunner.privateRun(SuiteRunner.java:332)
	at org.testng.SuiteRunner.run(SuiteRunner.java:276)
	at org.testng.SuiteRunnerWorker.runSuite(SuiteRunnerWorker.java:53)
	at org.testng.SuiteRunnerWorker.run(SuiteRunnerWorker.java:96)
	at org.testng.TestNG.runSuitesSequentially(TestNG.java:1212)
	at org.testng.TestNG.runSuitesLocally(TestNG.java:1134)
	at org.testng.TestNG.runSuites(TestNG.java:1063)
	at org.testng.TestNG.run(TestNG.java:1031)
	at com.intellij.rt.testng.IDEARemoteTestNG.run(IDEARemoteTestNG.java:66)
	at com.intellij.rt.testng.RemoteTestNGStarter.main(RemoteTestNGStarter.java:109)
</pre>
                                                </td>
                                            </tr>
                                            </tbody>
                                        </table>
                                        <ul class='collapsible node-list' data-collapsible='accordion'>
                                        </ul>
                                    </div>
                                </div>
                            </li>
                            <li class='collection-item test displayed active fail '
                                extentid='5c98eb48-f106-426c-803d-303a774ec9bb'>
                                <div class='test-head'>
                                    <span class='test-name'>verifyLoggedUserDuration </span>
                                    <span class='test-status label right outline capitalize fail'>fail</span>
                                    <span class='category-assigned hide '></span>
                                </div>
                                <div class='test-body'>
                                    <div class='test-info'>
                                        <span alt='Test started time' class='test-started-time label green lighten-1 text-white'
                                              title='Test started time'>2021-07-02 13:05:24</span>
                                        <span alt='Test ended time' class='test-ended-time label red lighten-1 text-white'
                                              title='Test ended time'>2021-07-02 13:05:46</span>
                                        <span alt='Time taken to finish' class='test-time-taken label blue-grey lighten-3 text-white'
                                              title='Time taken to finish'>0h 0m 21s+976ms</span>
                                    </div>
                                    <div class='test-desc'></div>
                                    <div class='test-attributes'>
                                    </div>
                                    <div class='test-steps'>
                                        <table class='bordered table-results'>
                                            <thead>
                                            <tr>
                                                <th>Status</th>
                                                <th>Timestamp</th>
                                                <th>Details</th>
                                            </tr>
                                            </thead>
                                            <tbody>
                                            <tr>
                                                <td alt='fail' class='status fail' title='fail'><i
                                                        class='mdi-navigation-cancel'></i></td>
                                                <td class='timestamp'>13:05:46</td>
                                                <td class='step-details'><pre>org.openqa.selenium.NoSuchElementException: no such element: Unable to locate element: {"method":"xpath","selector":"//p[contains(text(),'Customer since 2019')]"}
  (Session info: chrome=91.0.4472.124)
For documentation on this error, please visit: https://selenium.dev/exceptions/#no_such_element
Build info: version: '4.0.0-beta-3', revision: '5d108f9a67'
System info: host: 'SANDEEP-PAL-LT', ip: '192.168.56.1', os.name: 'Windows 10', os.arch: 'amd64', os.version: '10.0', java.version: '11.0.11'
Driver info: org.openqa.selenium.chrome.ChromeDriver
Command: [63e620cb4f01a7841e9c4fd76d63cb57, findElement {using=xpath, value=//p[contains(text(),'Customer since 2019')]}]
Capabilities {acceptInsecureCerts: false, browserName: chrome, browserVersion: 91.0.4472.124, chrome: {chromedriverVersion: 91.0.4472.101 (af52a90bf870..., userDataDir: C:\Users\SANDEE~1\AppData\L...}, goog:chromeOptions: {debuggerAddress: localhost:64201}, javascriptEnabled: true, networkConnectionEnabled: false, pageLoadStrategy: normal, platform: WINDOWS, platformName: WINDOWS, proxy: Proxy(), se:cdp: ws://localhost:64201/devtoo..., se:cdpVersion: 91.0.4472.124, setWindowRect: true, strictFileInteractability: false, timeouts: {implicit: 0, pageLoad: 300000, script: 30000}, unhandledPromptBehavior: dismiss and notify, webauthn:extension:largeBlob: true, webauthn:virtualAuthenticators: true}
Session ID: 63e620cb4f01a7841e9c4fd76d63cb57
	at java.base/jdk.internal.reflect.NativeConstructorAccessorImpl.newInstance0(Native Method)
	at java.base/jdk.internal.reflect.NativeConstructorAccessorImpl.newInstance(NativeConstructorAccessorImpl.java:62)
	at java.base/jdk.internal.reflect.DelegatingConstructorAccessorImpl.newInstance(DelegatingConstructorAccessorImpl.java:45)
	at java.base/java.lang.reflect.Constructor.newInstance(Constructor.java:490)
	at org.openqa.selenium.remote.codec.w3c.W3CHttpResponseCodec.createException(W3CHttpResponseCodec.java:198)
	at org.openqa.selenium.remote.codec.w3c.W3CHttpResponseCodec.decode(W3CHttpResponseCodec.java:131)
	at org.openqa.selenium.remote.codec.w3c.W3CHttpResponseCodec.decode(W3CHttpResponseCodec.java:52)
	at org.openqa.selenium.remote.HttpCommandExecutor.execute(HttpCommandExecutor.java:184)
	at org.openqa.selenium.remote.service.DriverCommandExecutor.invokeExecute(DriverCommandExecutor.java:153)
	at org.openqa.selenium.remote.service.DriverCommandExecutor.execute(DriverCommandExecutor.java:128)
	at org.openqa.selenium.remote.RemoteWebDriver.execute(RemoteWebDriver.java:619)
	at org.openqa.selenium.remote.RemoteWebDriver$Mechanism$2.findElement(RemoteWebDriver.java:1258)
	at org.openqa.selenium.remote.RemoteWebDriver.findElement(RemoteWebDriver.java:386)
	at org.openqa.selenium.remote.RemoteWebDriver.findElement(RemoteWebDriver.java:380)
	at org.openqa.selenium.support.pagefactory.DefaultElementLocator.findElement(DefaultElementLocator.java:70)
	at org.openqa.selenium.support.pagefactory.internal.LocatingElementHandler.invoke(LocatingElementHandler.java:39)
	at com.sun.proxy.$Proxy19.isDisplayed(Unknown Source)
	at com.amazonautomation.qa.pages.HomePage.loggedUserDuration(HomePage.java:95)
	at com.amazonautomation.qa.testcase.HomePageTest.verifyLoggedUserDuration(HomePageTest.java:39)
	at java.base/jdk.internal.reflect.NativeMethodAccessorImpl.invoke0(Native Method)
	at java.base/jdk.internal.reflect.NativeMethodAccessorImpl.invoke(NativeMethodAccessorImpl.java:62)
	at java.base/jdk.internal.reflect.DelegatingMethodAccessorImpl.invoke(DelegatingMethodAccessorImpl.java:43)
	at java.base/java.lang.reflect.Method.invoke(Method.java:566)
	at org.testng.internal.MethodInvocationHelper.invokeMethod(MethodInvocationHelper.java:133)
	at org.testng.internal.TestInvoker.invokeMethod(TestInvoker.java:598)
	at org.testng.internal.TestInvoker.invokeTestMethod(TestInvoker.java:173)
	at org.testng.internal.MethodRunner.runInSequence(MethodRunner.java:46)
	at org.testng.internal.TestInvoker$MethodInvocationAgent.invoke(TestInvoker.java:824)
	at org.testng.internal.TestInvoker.invokeTestMethods(TestInvoker.java:146)
	at org.testng.internal.TestMethodWorker.invokeTestMethods(TestMethodWorker.java:146)
	at org.testng.internal.TestMethodWorker.run(TestMethodWorker.java:128)
	at java.base/java.util.ArrayList.forEach(ArrayList.java:1541)
	at org.testng.TestRunner.privateRun(TestRunner.java:794)
	at org.testng.TestRunner.run(TestRunner.java:596)
	at org.testng.SuiteRunner.runTest(SuiteRunner.java:377)
	at org.testng.SuiteRunner.runSequentially(SuiteRunner.java:371)
	at org.testng.SuiteRunner.privateRun(SuiteRunner.java:332)
	at org.testng.SuiteRunner.run(SuiteRunner.java:276)
	at org.testng.SuiteRunnerWorker.runSuite(SuiteRunnerWorker.java:53)
	at org.testng.SuiteRunnerWorker.run(SuiteRunnerWorker.java:96)
	at org.testng.TestNG.runSuitesSequentially(TestNG.java:1212)
	at org.testng.TestNG.runSuitesLocally(TestNG.java:1134)
	at org.testng.TestNG.runSuites(TestNG.java:1063)
	at org.testng.TestNG.run(TestNG.java:1031)
	at com.intellij.rt.testng.IDEARemoteTestNG.run(IDEARemoteTestNG.java:66)
	at com.intellij.rt.testng.RemoteTestNGStarter.main(RemoteTestNGStarter.java:109)
</pre>
                                                </td>
                                            </tr>
                                            </tbody>
                                        </table>
                                        <ul class='collapsible node-list' data-collapsible='accordion'>
                                        </ul>
                                    </div>
                                </div>
                            </li>
                            <li class='collection-item test displayed active fail '
                                extentid='86a10128-9208-4657-b2dd-62477900f5ec'>
                                <div class='test-head'>
                                    <span class='test-name'>verifyUserNameVisible </span>
                                    <span class='test-status label right outline capitalize fail'>fail</span>
                                    <span class='category-assigned hide '></span>
                                </div>
                                <div class='test-body'>
                                    <div class='test-info'>
                                        <span alt='Test started time' class='test-started-time label green lighten-1 text-white'
                                              title='Test started time'>2021-07-02 13:04:58</span>
                                        <span alt='Test ended time' class='test-ended-time label red lighten-1 text-white'
                                              title='Test ended time'>2021-07-02 13:05:18</span>
                                        <span alt='Time taken to finish' class='test-time-taken label blue-grey lighten-3 text-white'
                                              title='Time taken to finish'>0h 0m 20s+75ms</span>
                                    </div>
                                    <div class='test-desc'></div>
                                    <div class='test-attributes'>
                                    </div>
                                    <div class='test-steps'>
                                        <table class='bordered table-results'>
                                            <thead>
                                            <tr>
                                                <th>Status</th>
                                                <th>Timestamp</th>
                                                <th>Details</th>
                                            </tr>
                                            </thead>
                                            <tbody>
                                            <tr>
                                                <td alt='fail' class='status fail' title='fail'><i
                                                        class='mdi-navigation-cancel'></i></td>
                                                <td class='timestamp'>13:05:18</td>
                                                <td class='step-details'><pre>org.openqa.selenium.NoSuchElementException: no such element: Unable to locate element: {"method":"xpath","selector":"//h2[contains(text(),'Hi, manish')]"}
  (Session info: chrome=91.0.4472.124)
For documentation on this error, please visit: https://selenium.dev/exceptions/#no_such_element
Build info: version: '4.0.0-beta-3', revision: '5d108f9a67'
System info: host: 'SANDEEP-PAL-LT', ip: '192.168.56.1', os.name: 'Windows 10', os.arch: 'amd64', os.version: '10.0', java.version: '11.0.11'
Driver info: org.openqa.selenium.chrome.ChromeDriver
Command: [15c793c14ac2ca7f7c36a07fe1f5c904, findElement {using=xpath, value=//h2[contains(text(),'Hi, manish')]}]
Capabilities {acceptInsecureCerts: false, browserName: chrome, browserVersion: 91.0.4472.124, chrome: {chromedriverVersion: 91.0.4472.101 (af52a90bf870..., userDataDir: C:\Users\SANDEE~1\AppData\L...}, goog:chromeOptions: {debuggerAddress: localhost:65164}, javascriptEnabled: true, networkConnectionEnabled: false, pageLoadStrategy: normal, platform: WINDOWS, platformName: WINDOWS, proxy: Proxy(), se:cdp: ws://localhost:65164/devtoo..., se:cdpVersion: 91.0.4472.124, setWindowRect: true, strictFileInteractability: false, timeouts: {implicit: 0, pageLoad: 300000, script: 30000}, unhandledPromptBehavior: dismiss and notify, webauthn:extension:largeBlob: true, webauthn:virtualAuthenticators: true}
Session ID: 15c793c14ac2ca7f7c36a07fe1f5c904
	at java.base/jdk.internal.reflect.NativeConstructorAccessorImpl.newInstance0(Native Method)
	at java.base/jdk.internal.reflect.NativeConstructorAccessorImpl.newInstance(NativeConstructorAccessorImpl.java:62)
	at java.base/jdk.internal.reflect.DelegatingConstructorAccessorImpl.newInstance(DelegatingConstructorAccessorImpl.java:45)
	at java.base/java.lang.reflect.Constructor.newInstance(Constructor.java:490)
	at org.openqa.selenium.remote.codec.w3c.W3CHttpResponseCodec.createException(W3CHttpResponseCodec.java:198)
	at org.openqa.selenium.remote.codec.w3c.W3CHttpResponseCodec.decode(W3CHttpResponseCodec.java:131)
	at org.openqa.selenium.remote.codec.w3c.W3CHttpResponseCodec.decode(W3CHttpResponseCodec.java:52)
	at org.openqa.selenium.remote.HttpCommandExecutor.execute(HttpCommandExecutor.java:184)
	at org.openqa.selenium.remote.service.DriverCommandExecutor.invokeExecute(DriverCommandExecutor.java:153)
	at org.openqa.selenium.remote.service.DriverCommandExecutor.execute(DriverCommandExecutor.java:128)
	at org.openqa.selenium.remote.RemoteWebDriver.execute(RemoteWebDriver.java:619)
	at org.openqa.selenium.remote.RemoteWebDriver$Mechanism$2.findElement(RemoteWebDriver.java:1258)
	at org.openqa.selenium.remote.RemoteWebDriver.findElement(RemoteWebDriver.java:386)
	at org.openqa.selenium.remote.RemoteWebDriver.findElement(RemoteWebDriver.java:380)
	at org.openqa.selenium.support.pagefactory.DefaultElementLocator.findElement(DefaultElementLocator.java:70)
	at org.openqa.selenium.support.pagefactory.internal.LocatingElementHandler.invoke(LocatingElementHandler.java:39)
	at com.sun.proxy.$Proxy19.isDisplayed(Unknown Source)
	at com.amazonautomation.qa.pages.HomePage.userNameVisible(HomePage.java:91)
	at com.amazonautomation.qa.testcase.HomePageTest.verifyUserNameVisible(HomePageTest.java:34)
	at java.base/jdk.internal.reflect.NativeMethodAccessorImpl.invoke0(Native Method)
	at java.base/jdk.internal.reflect.NativeMethodAccessorImpl.invoke(NativeMethodAccessorImpl.java:62)
	at java.base/jdk.internal.reflect.DelegatingMethodAccessorImpl.invoke(DelegatingMethodAccessorImpl.java:43)
	at java.base/java.lang.reflect.Method.invoke(Method.java:566)
	at org.testng.internal.MethodInvocationHelper.invokeMethod(MethodInvocationHelper.java:133)
	at org.testng.internal.TestInvoker.invokeMethod(TestInvoker.java:598)
	at org.testng.internal.TestInvoker.invokeTestMethod(TestInvoker.java:173)
	at org.testng.internal.MethodRunner.runInSequence(MethodRunner.java:46)
	at org.testng.internal.TestInvoker$MethodInvocationAgent.invoke(TestInvoker.java:824)
	at org.testng.internal.TestInvoker.invokeTestMethods(TestInvoker.java:146)
	at org.testng.internal.TestMethodWorker.invokeTestMethods(TestMethodWorker.java:146)
	at org.testng.internal.TestMethodWorker.run(TestMethodWorker.java:128)
	at java.base/java.util.ArrayList.forEach(ArrayList.java:1541)
	at org.testng.TestRunner.privateRun(TestRunner.java:794)
	at org.testng.TestRunner.run(TestRunner.java:596)
	at org.testng.SuiteRunner.runTest(SuiteRunner.java:377)
	at org.testng.SuiteRunner.runSequentially(SuiteRunner.java:371)
	at org.testng.SuiteRunner.privateRun(SuiteRunner.java:332)
	at org.testng.SuiteRunner.run(SuiteRunner.java:276)
	at org.testng.SuiteRunnerWorker.runSuite(SuiteRunnerWorker.java:53)
	at org.testng.SuiteRunnerWorker.run(SuiteRunnerWorker.java:96)
	at org.testng.TestNG.runSuitesSequentially(TestNG.java:1212)
	at org.testng.TestNG.runSuitesLocally(TestNG.java:1134)
	at org.testng.TestNG.runSuites(TestNG.java:1063)
	at org.testng.TestNG.run(TestNG.java:1031)
	at com.intellij.rt.testng.IDEARemoteTestNG.run(IDEARemoteTestNG.java:66)
	at com.intellij.rt.testng.RemoteTestNGStarter.main(RemoteTestNGStarter.java:109)
</pre>
                                                </td>
                                            </tr>
                                            </tbody>
                                        </table>
                                        <ul class='collapsible node-list' data-collapsible='accordion'>
                                        </ul>
                                    </div>
                                </div>
                            </li>
                            <li class='collection-item test displayed active skip '
                                extentid='fba77493-6766-4281-86f4-df76d00e29fe'>
                                <div class='test-head'>
                                    <span class='test-name'>noOfLinkOnHomePage </span>
                                    <span class='test-status label right outline capitalize skip'>skip</span>
                                    <span class='category-assigned hide '></span>
                                </div>
                                <div class='test-body'>
                                    <div class='test-info'>
                                        <span alt='Test started time' class='test-started-time label green lighten-1 text-white'
                                              title='Test started time'>2021-07-02 13:09:48</span>
                                        <span alt='Test ended time' class='test-ended-time label red lighten-1 text-white'
                                              title='Test ended time'>2021-07-02 13:09:48</span>
                                        <span alt='Time taken to finish' class='test-time-taken label blue-grey lighten-3 text-white'
                                              title='Time taken to finish'>0h 0m 0s+0ms</span>
                                    </div>
                                    <div class='test-desc'></div>
                                    <div class='test-attributes'>
                                    </div>
                                    <div class='test-steps'>
                                        <table class='bordered table-results'>
                                            <thead>
                                            <tr>
                                                <th>Status</th>
                                                <th>Timestamp</th>
                                                <th>Details</th>
                                            </tr>
                                            </thead>
                                            <tbody>
                                            <tr>
                                                <td alt='skip' class='status skip' title='skip'><i
                                                        class='mdi-content-redo'></i></td>
                                                <td class='timestamp'>13:09:48</td>
                                                <td class='step-details'><textarea>org.openqa.selenium.ElementNotInteractableException: element not interactable
  (Session info: chrome=91.0.4472.124)
Build info: version: '4.0.0-beta-3', revision: '5d108f9a67'
System info: host: 'SANDEEP-PAL-LT', ip: '192.168.56.1', os.name: 'Windows 10', os.arch: 'amd64', os.version: '10.0', java.version: '11.0.11'
Driver info: org.openqa.selenium.chrome.ChromeDriver
Command: [6ee49eef5af06345a21322e0f44c3c9d, clickElement {id=8f069457-2754-4eeb-a525-56c0bf675187}]
Capabilities {acceptInsecureCerts: false, browserName: chrome, browserVersion: 91.0.4472.124, chrome: {chromedriverVersion: 91.0.4472.101 (af52a90bf870..., userDataDir: C:\Users\SANDEE~1\AppData\L...}, goog:chromeOptions: {debuggerAddress: localhost:64459}, javascriptEnabled: true, networkConnectionEnabled: false, pageLoadStrategy: normal, platform: WINDOWS, platformName: WINDOWS, proxy: Proxy(), se:cdp: ws://localhost:64459/devtoo..., se:cdpVersion: 91.0.4472.124, setWindowRect: true, strictFileInteractability: false, timeouts: {implicit: 0, pageLoad: 300000, script: 30000}, unhandledPromptBehavior: dismiss and notify, webauthn:extension:largeBlob: true, webauthn:virtualAuthenticators: true}
Element: [[ChromeDriver: chrome on WINDOWS (6ee49eef5af06345a21322e0f44c3c9d)] -> xpath: //div[@id="nav-flyout-ya-signin"]/a/span]
Session ID: 6ee49eef5af06345a21322e0f44c3c9d
	at java.base/jdk.internal.reflect.NativeConstructorAccessorImpl.newInstance0(Native Method)
	at java.base/jdk.internal.reflect.NativeConstructorAccessorImpl.newInstance(NativeConstructorAccessorImpl.java:62)
	at java.base/jdk.internal.reflect.DelegatingConstructorAccessorImpl.newInstance(DelegatingConstructorAccessorImpl.java:45)
	at java.base/java.lang.reflect.Constructor.newInstance(Constructor.java:490)
	at org.openqa.selenium.remote.codec.w3c.W3CHttpResponseCodec.createException(W3CHttpResponseCodec.java:198)
	at org.openqa.selenium.remote.codec.w3c.W3CHttpResponseCodec.decode(W3CHttpResponseCodec.java:131)
	at org.openqa.selenium.remote.codec.w3c.W3CHttpResponseCodec.decode(W3CHttpResponseCodec.java:52)
	at org.openqa.selenium.remote.HttpCommandExecutor.execute(HttpCommandExecutor.java:184)
	at org.openqa.selenium.remote.service.DriverCommandExecutor.invokeExecute(DriverCommandExecutor.java:153)
	at org.openqa.selenium.remote.service.DriverCommandExecutor.execute(DriverCommandExecutor.java:128)
	at org.openqa.selenium.remote.RemoteWebDriver.execute(RemoteWebDriver.java:619)
	at org.openqa.selenium.remote.RemoteWebElement.execute(RemoteWebElement.java:237)
	at org.openqa.selenium.remote.RemoteWebElement.click(RemoteWebElement.java:75)
	at jdk.internal.reflect.GeneratedMethodAccessor6.invoke(Unknown Source)
	at java.base/jdk.internal.reflect.DelegatingMethodAccessorImpl.invoke(DelegatingMethodAccessorImpl.java:43)
	at java.base/java.lang.reflect.Method.invoke(Method.java:566)
	at org.openqa.selenium.support.events.EventFiringWebDriver$EventFiringWebElement.lambda$new$0(EventFiringWebDriver.java:414)
	at com.sun.proxy.$Proxy20.click(Unknown Source)
	at org.openqa.selenium.support.events.EventFiringWebDriver$EventFiringWebElement.click(EventFiringWebDriver.java:427)
	at jdk.internal.reflect.GeneratedMethodAccessor6.invoke(Unknown Source)
	at java.base/jdk.internal.reflect.DelegatingMethodAccessorImpl.invoke(DelegatingMethodAccessorImpl.java:43)
	at java.base/java.lang.reflect.Method.invoke(Method.java:566)
	at org.openqa.selenium.support.pagefactory.internal.LocatingElementHandler.invoke(LocatingElementHandler.java:52)
	at com.sun.proxy.$Proxy19.click(Unknown Source)
	at com.amazonautomation.qa.pages.SignInPage.userLogin(SignInPage.java:54)
	at com.amazonautomation.qa.testcase.HomePageTest.setUp(HomePageTest.java:25)
	at jdk.internal.reflect.GeneratedMethodAccessor17.invoke(Unknown Source)
	at java.base/jdk.internal.reflect.DelegatingMethodAccessorImpl.invoke(DelegatingMethodAccessorImpl.java:43)
	at java.base/java.lang.reflect.Method.invoke(Method.java:566)
	at org.testng.internal.MethodInvocationHelper.invokeMethod(MethodInvocationHelper.java:133)
	at org.testng.internal.MethodInvocationHelper.invokeMethodConsideringTimeout(MethodInvocationHelper.java:62)
	at org.testng.internal.ConfigInvoker.invokeConfigurationMethod(ConfigInvoker.java:385)
	at org.testng.internal.ConfigInvoker.invokeConfigurations(ConfigInvoker.java:321)
	at org.testng.internal.TestInvoker.runConfigMethods(TestInvoker.java:700)
	at org.testng.internal.TestInvoker.invokeMethod(TestInvoker.java:527)
	at org.testng.internal.TestInvoker.invokeTestMethod(TestInvoker.java:173)
	at org.testng.internal.MethodRunner.runInSequence(MethodRunner.java:46)
	at org.testng.internal.TestInvoker$MethodInvocationAgent.invoke(TestInvoker.java:824)
	at org.testng.internal.TestInvoker.invokeTestMethods(TestInvoker.java:146)
	at org.testng.internal.TestMethodWorker.invokeTestMethods(TestMethodWorker.java:146)
	at org.testng.internal.TestMethodWorker.run(TestMethodWorker.java:128)
	at java.base/java.util.ArrayList.forEach(ArrayList.java:1541)
	at org.testng.TestRunner.privateRun(TestRunner.java:794)
	at org.testng.TestRunner.run(TestRunner.java:596)
	at org.testng.SuiteRunner.runTest(SuiteRunner.java:377)
	at org.testng.SuiteRunner.runSequentially(SuiteRunner.java:371)
	at org.testng.SuiteRunner.privateRun(SuiteRunner.java:332)
	at org.testng.SuiteRunner.run(SuiteRunner.java:276)
	at org.testng.SuiteRunnerWorker.runSuite(SuiteRunnerWorker.java:53)
	at org.testng.SuiteRunnerWorker.run(SuiteRunnerWorker.java:96)
	at org.testng.TestNG.runSuitesSequentially(TestNG.java:1212)
	at org.testng.TestNG.runSuitesLocally(TestNG.java:1134)
	at org.testng.TestNG.runSuites(TestNG.java:1063)
	at org.testng.TestNG.run(TestNG.java:1031)
	at com.intellij.rt.testng.IDEARemoteTestNG.run(IDEARemoteTestNG.java:66)
	at com.intellij.rt.testng.RemoteTestNGStarter.main(RemoteTestNGStarter.java:109)
</textarea></td>
                                            </tr>
                                            </tbody>
                                        </table>
                                        <ul class='collapsible node-list' data-collapsible='accordion'>
                                        </ul>
                                    </div>
                                </div>
                            </li>
                        </ul>
                    </div>
                </div>
            </div>
        </div>
        <div class='col _addedCell2' id='test-details-wrapper'>
            <div class='contents'>
                <div class='card-panel details-view'>
                    <h5 class='details-name'></h5>
                    <div class='step-filters right'>
                        <span alt='info' class='btn-floating btn-small waves-effect waves-light blue' status='info'
                              title='info'><i class='mdi-action-info-outline'></i></span>
                        <span alt='pass' class='btn-floating btn-small waves-effect waves-light green' status='pass'
                              title='pass'><i class='mdi-action-check-circle'></i></span>
                        <span alt='fail' class='btn-floating btn-small waves-effect waves-light red' status='fail'
                              title='fail'><i class='mdi-navigation-cancel'></i></span>
                        <span alt='fatal' class='btn-floating btn-small waves-effect waves-light red darken-4'
                              status='fatal' title='fatal'><i class='mdi-navigation-cancel'></i></span>
                        <span alt='error' class='btn-floating btn-small waves-effect waves-light red lighten-2'
                              status='error' title='error'><i class='mdi-alert-error'></i></span>
                        <span alt='warning' class='btn-floating btn-small waves-effect waves-light orange'
                              status='warning' title='warning'><i class='mdi-alert-warning'></i></span>
                        <span alt='skip' class='btn-floating btn-small waves-effect waves-light cyan' status='skip'
                              title='skip'><i class='mdi-content-redo'></i></span>
                        <span alt='Clear filters'
                              class='btn-floating btn-small waves-effect waves-light grey darken-2' status='clear-step-filter' title='Clear filters'><i
                                class='mdi-content-clear'></i></span>
                    </div>
                    <div class='details-container'>
                    </div>
                </div>
            </div>
        </div>
    </div>
    <!-- /tests -->

    <!-- categories -->
    <!-- /categories -->

    <!-- exceptions -->
    <div class='row _addedTable hide' id='exceptions-view'>
        <div class='col _addedCell1'>
            <div class='contents'>
                <div class='card-panel heading'>
                    <h5>Defects</h5>
                </div>
                <div class='card-panel filters'>
                    <div alt='Search tests' class='search' title='Search tests'>
                        <div class='input-field left'>
                            <input class='validate' id='searchTests' placeholder='Search tests...' type='text'>
                        </div>
                        <a class='btn-floating btn-small waves-effect waves-light blue lighten-1' href="#">
                            <i class='mdi-action-search'></i>
                        </a>
                    </div>
                </div>
                <div class='card-panel no-padding-h no-padding-v'>
                    <div class='wrapper'>
                        <ul class='exception-collection' id='exception-collection'>
                            <li class='exception-item displayed'>
                                <div class='exception-head'>
                                    <span class='exception-name'>org.openqa.selenium.ElementNotInteractableException</span>
                                </div>
                                <div class='exception-test-count'>
                                    <span class='fail label'>1</span>
                                </div>
                                <div class='exception-body'>
                                    <div class='exception-tests'>
                                        <table class='bordered'>
                                            <thead>
                                            <tr>
                                                <th>RunDate</th>
                                                <th>Test Name</th>
                                                <th>Exception</th>
                                            </tr>
                                            </thead>
                                            <tbody>
                                            <tr class='skip'>
                                                <td>2021-07-02 13:09:48</td>
                                                <td><span class='exception-link linked'
                                                          extentid='fba77493-6766-4281-86f4-df76d00e29fe'>noOfLinkOnHomePage</span>
                                                </td>
                                                <td><pre class='exception-message'>org.openqa.selenium.ElementNotInteractableException: element not interactable
  (Session info: chrome=91.0.4472.124)
Build info: version: '4.0.0-beta-3', revision: '5d108f9a67'
System info: host: 'SANDEEP-PAL-LT', ip: '192.168.56.1', os.name: 'Windows 10', os.arch: 'amd64', os.version: '10.0', java.version: '11.0.11'
Driver info: org.openqa.selenium.chrome.ChromeDriver
Command: [6ee49eef5af06345a21322e0f44c3c9d, clickElement {id=8f069457-2754-4eeb-a525-56c0bf675187}]
Capabilities {acceptInsecureCerts: false, browserName: chrome, browserVersion: 91.0.4472.124, chrome: {chromedriverVersion: 91.0.4472.101 (af52a90bf870..., userDataDir: C:\Users\SANDEE~1\AppData\L...}, goog:chromeOptions: {debuggerAddress: localhost:64459}, javascriptEnabled: true, networkConnectionEnabled: false, pageLoadStrategy: normal, platform: WINDOWS, platformName: WINDOWS, proxy: Proxy(), se:cdp: ws://localhost:64459/devtoo..., se:cdpVersion: 91.0.4472.124, setWindowRect: true, strictFileInteractability: false, timeouts: {implicit: 0, pageLoad: 300000, script: 30000}, unhandledPromptBehavior: dismiss and notify, webauthn:extension:largeBlob: true, webauthn:virtualAuthenticators: true}
Element: [[ChromeDriver: chrome on WINDOWS (6ee49eef5af06345a21322e0f44c3c9d)] -> xpath: //div[@id="nav-flyout-ya-signin"]/a/span]
Session ID: 6ee49eef5af06345a21322e0f44c3c9d
	at java.base/jdk.internal.reflect.NativeConstructorAccessorImpl.newInstance0(Native Method)
	at java.base/jdk.internal.reflect.NativeConstructorAccessorImpl.newInstance(NativeConstructorAccessorImpl.java:62)
	at java.base/jdk.internal.reflect.DelegatingConstructorAccessorImpl.newInstance(DelegatingConstructorAccessorImpl.java:45)
	at java.base/java.lang.reflect.Constructor.newInstance(Constructor.java:490)
	at org.openqa.selenium.remote.codec.w3c.W3CHttpResponseCodec.createException(W3CHttpResponseCodec.java:198)
	at org.openqa.selenium.remote.codec.w3c.W3CHttpResponseCodec.decode(W3CHttpResponseCodec.java:131)
	at org.openqa.selenium.remote.codec.w3c.W3CHttpResponseCodec.decode(W3CHttpResponseCodec.java:52)
	at org.openqa.selenium.remote.HttpCommandExecutor.execute(HttpCommandExecutor.java:184)
	at org.openqa.selenium.remote.service.DriverCommandExecutor.invokeExecute(DriverCommandExecutor.java:153)
	at org.openqa.selenium.remote.service.DriverCommandExecutor.execute(DriverCommandExecutor.java:128)
	at org.openqa.selenium.remote.RemoteWebDriver.execute(RemoteWebDriver.java:619)
	at org.openqa.selenium.remote.RemoteWebElement.execute(RemoteWebElement.java:237)
	at org.openqa.selenium.remote.RemoteWebElement.click(RemoteWebElement.java:75)
	at jdk.internal.reflect.GeneratedMethodAccessor6.invoke(Unknown Source)
	at java.base/jdk.internal.reflect.DelegatingMethodAccessorImpl.invoke(DelegatingMethodAccessorImpl.java:43)
	at java.base/java.lang.reflect.Method.invoke(Method.java:566)
	at org.openqa.selenium.support.events.EventFiringWebDriver$EventFiringWebElement.lambda$new$0(EventFiringWebDriver.java:414)
	at com.sun.proxy.$Proxy20.click(Unknown Source)
	at org.openqa.selenium.support.events.EventFiringWebDriver$EventFiringWebElement.click(EventFiringWebDriver.java:427)
	at jdk.internal.reflect.GeneratedMethodAccessor6.invoke(Unknown Source)
	at java.base/jdk.internal.reflect.DelegatingMethodAccessorImpl.invoke(DelegatingMethodAccessorImpl.java:43)
	at java.base/java.lang.reflect.Method.invoke(Method.java:566)
	at org.openqa.selenium.support.pagefactory.internal.LocatingElementHandler.invoke(LocatingElementHandler.java:52)
	at com.sun.proxy.$Proxy19.click(Unknown Source)
	at com.amazonautomation.qa.pages.SignInPage.userLogin(SignInPage.java:54)
	at com.amazonautomation.qa.testcase.HomePageTest.setUp(HomePageTest.java:25)
	at jdk.internal.reflect.GeneratedMethodAccessor17.invoke(Unknown Source)
	at java.base/jdk.internal.reflect.DelegatingMethodAccessorImpl.invoke(DelegatingMethodAccessorImpl.java:43)
	at java.base/java.lang.reflect.Method.invoke(Method.java:566)
	at org.testng.internal.MethodInvocationHelper.invokeMethod(MethodInvocationHelper.java:133)
	at org.testng.internal.MethodInvocationHelper.invokeMethodConsideringTimeout(MethodInvocationHelper.java:62)
	at org.testng.internal.ConfigInvoker.invokeConfigurationMethod(ConfigInvoker.java:385)
	at org.testng.internal.ConfigInvoker.invokeConfigurations(ConfigInvoker.java:321)
	at org.testng.internal.TestInvoker.runConfigMethods(TestInvoker.java:700)
	at org.testng.internal.TestInvoker.invokeMethod(TestInvoker.java:527)
	at org.testng.internal.TestInvoker.invokeTestMethod(TestInvoker.java:173)
	at org.testng.internal.MethodRunner.runInSequence(MethodRunner.java:46)
	at org.testng.internal.TestInvoker$MethodInvocationAgent.invoke(TestInvoker.java:824)
	at org.testng.internal.TestInvoker.invokeTestMethods(TestInvoker.java:146)
	at org.testng.internal.TestMethodWorker.invokeTestMethods(TestMethodWorker.java:146)
	at org.testng.internal.TestMethodWorker.run(TestMethodWorker.java:128)
	at java.base/java.util.ArrayList.forEach(ArrayList.java:1541)
	at org.testng.TestRunner.privateRun(TestRunner.java:794)
	at org.testng.TestRunner.run(TestRunner.java:596)
	at org.testng.SuiteRunner.runTest(SuiteRunner.java:377)
	at org.testng.SuiteRunner.runSequentially(SuiteRunner.java:371)
	at org.testng.SuiteRunner.privateRun(SuiteRunner.java:332)
	at org.testng.SuiteRunner.run(SuiteRunner.java:276)
	at org.testng.SuiteRunnerWorker.runSuite(SuiteRunnerWorker.java:53)
	at org.testng.SuiteRunnerWorker.run(SuiteRunnerWorker.java:96)
	at org.testng.TestNG.runSuitesSequentially(TestNG.java:1212)
	at org.testng.TestNG.runSuitesLocally(TestNG.java:1134)
	at org.testng.TestNG.runSuites(TestNG.java:1063)
	at org.testng.TestNG.run(TestNG.java:1031)
	at com.intellij.rt.testng.IDEARemoteTestNG.run(IDEARemoteTestNG.java:66)
	at com.intellij.rt.testng.RemoteTestNGStarter.main(RemoteTestNGStarter.java:109)
</pre>
                                                </td>
                                            </tr>
                                            </tbody>
                                        </table>
                                    </div>
                                </div>
                            </li>
                            <li class='exception-item displayed'>
                                <div class='exception-head'>
                                    <span class='exception-name'>org.openqa.selenium.NoSuchElementException</span>
                                </div>
                                <div class='exception-test-count'>
                                    <span class='fail label'>5</span>
                                </div>
                                <div class='exception-body'>
                                    <div class='exception-tests'>
                                        <table class='bordered'>
                                            <thead>
                                            <tr>
                                                <th>RunDate</th>
                                                <th>Test Name</th>
                                                <th>Exception</th>
                                            </tr>
                                            </thead>
                                            <tbody>
                                            <tr class='fail'>
                                                <td>2021-07-02 13:10:25</td>
                                                <td><span class='exception-link linked'
                                                          extentid='0b20cad4-1769-407e-a21c-d5beef22bdec'>createNewADDTest</span>
                                                </td>
                                                <td><pre class='exception-message'>org.openqa.selenium.NoSuchElementException: no such element: Unable to locate element: {"method":"xpath","selector":"//*[@id="address-ui-widgets-enterAddressFormContainer"]/div[2]/div[4]/span/select"}
  (Session info: chrome=91.0.4472.124)
For documentation on this error, please visit: https://selenium.dev/exceptions/#no_such_element
Build info: version: '4.0.0-beta-3', revision: '5d108f9a67'
System info: host: 'SANDEEP-PAL-LT', ip: '192.168.56.1', os.name: 'Windows 10', os.arch: 'amd64', os.version: '10.0', java.version: '11.0.11'
Driver info: org.openqa.selenium.chrome.ChromeDriver
Command: [10cbb0c1cbbe59197a583eb00aeea383, findElement {using=xpath, value=//*[@id="address-ui-widgets-enterAddressFormContainer"]/div[2]/div[4]/span/select}]
Capabilities {acceptInsecureCerts: false, browserName: chrome, browserVersion: 91.0.4472.124, chrome: {chromedriverVersion: 91.0.4472.101 (af52a90bf870..., userDataDir: C:\Users\SANDEE~1\AppData\L...}, goog:chromeOptions: {debuggerAddress: localhost:63449}, javascriptEnabled: true, networkConnectionEnabled: false, pageLoadStrategy: normal, platform: WINDOWS, platformName: WINDOWS, proxy: Proxy(), se:cdp: ws://localhost:63449/devtoo..., se:cdpVersion: 91.0.4472.124, setWindowRect: true, strictFileInteractability: false, timeouts: {implicit: 0, pageLoad: 300000, script: 30000}, unhandledPromptBehavior: dismiss and notify, webauthn:extension:largeBlob: true, webauthn:virtualAuthenticators: true}
Session ID: 10cbb0c1cbbe59197a583eb00aeea383
	at java.base/jdk.internal.reflect.NativeConstructorAccessorImpl.newInstance0(Native Method)
	at java.base/jdk.internal.reflect.NativeConstructorAccessorImpl.newInstance(NativeConstructorAccessorImpl.java:62)
	at java.base/jdk.internal.reflect.DelegatingConstructorAccessorImpl.newInstance(DelegatingConstructorAccessorImpl.java:45)
	at java.base/java.lang.reflect.Constructor.newInstance(Constructor.java:490)
	at org.openqa.selenium.remote.codec.w3c.W3CHttpResponseCodec.createException(W3CHttpResponseCodec.java:198)
	at org.openqa.selenium.remote.codec.w3c.W3CHttpResponseCodec.decode(W3CHttpResponseCodec.java:131)
	at org.openqa.selenium.remote.codec.w3c.W3CHttpResponseCodec.decode(W3CHttpResponseCodec.java:52)
	at org.openqa.selenium.remote.HttpCommandExecutor.execute(HttpCommandExecutor.java:184)
	at org.openqa.selenium.remote.service.DriverCommandExecutor.invokeExecute(DriverCommandExecutor.java:153)
	at org.openqa.selenium.remote.service.DriverCommandExecutor.execute(DriverCommandExecutor.java:128)
	at org.openqa.selenium.remote.RemoteWebDriver.execute(RemoteWebDriver.java:619)
	at org.openqa.selenium.remote.RemoteWebDriver$Mechanism$2.findElement(RemoteWebDriver.java:1258)
	at org.openqa.selenium.remote.RemoteWebDriver.findElement(RemoteWebDriver.java:386)
	at org.openqa.selenium.remote.RemoteWebDriver.findElement(RemoteWebDriver.java:380)
	at org.openqa.selenium.support.pagefactory.DefaultElementLocator.findElement(DefaultElementLocator.java:70)
	at org.openqa.selenium.support.pagefactory.internal.LocatingElementHandler.invoke(LocatingElementHandler.java:39)
	at com.sun.proxy.$Proxy19.getTagName(Unknown Source)
	at org.openqa.selenium.support.ui.Select.<init>(Select.java:46)
	at com.amazonautomation.qa.pages.YourAccountPage.createNewAddress(YourAccountPage.java:76)
	at com.amazonautomation.qa.testcase.YourAccountPageTest.createNewADDTest(YourAccountPageTest.java:46)
	at java.base/jdk.internal.reflect.NativeMethodAccessorImpl.invoke0(Native Method)
	at java.base/jdk.internal.reflect.NativeMethodAccessorImpl.invoke(NativeMethodAccessorImpl.java:62)
	at java.base/jdk.internal.reflect.DelegatingMethodAccessorImpl.invoke(DelegatingMethodAccessorImpl.java:43)
	at java.base/java.lang.reflect.Method.invoke(Method.java:566)
	at org.testng.internal.MethodInvocationHelper.invokeMethod(MethodInvocationHelper.java:133)
	at org.testng.internal.TestInvoker.invokeMethod(TestInvoker.java:598)
	at org.testng.internal.TestInvoker.invokeTestMethod(TestInvoker.java:173)
	at org.testng.internal.MethodRunner.runInSequence(MethodRunner.java:46)
	at org.testng.internal.TestInvoker$MethodInvocationAgent.invoke(TestInvoker.java:824)
	at org.testng.internal.TestInvoker.invokeTestMethods(TestInvoker.java:146)
	at org.testng.internal.TestMethodWorker.invokeTestMethods(TestMethodWorker.java:146)
	at org.testng.internal.TestMethodWorker.run(TestMethodWorker.java:128)
	at java.base/java.util.ArrayList.forEach(ArrayList.java:1541)
	at org.testng.TestRunner.privateRun(TestRunner.java:794)
	at org.testng.TestRunner.run(TestRunner.java:596)
	at org.testng.SuiteRunner.runTest(SuiteRunner.java:377)
	at org.testng.SuiteRunner.runSequentially(SuiteRunner.java:371)
	at org.testng.SuiteRunner.privateRun(SuiteRunner.java:332)
	at org.testng.SuiteRunner.run(SuiteRunner.java:276)
	at org.testng.SuiteRunnerWorker.runSuite(SuiteRunnerWorker.java:53)
	at org.testng.SuiteRunnerWorker.run(SuiteRunnerWorker.java:96)
	at org.testng.TestNG.runSuitesSequentially(TestNG.java:1212)
	at org.testng.TestNG.runSuitesLocally(TestNG.java:1134)
	at org.testng.TestNG.runSuites(TestNG.java:1063)
	at org.testng.TestNG.run(TestNG.java:1031)
	at com.intellij.rt.testng.IDEARemoteTestNG.run(IDEARemoteTestNG.java:66)
	at com.intellij.rt.testng.RemoteTestNGStarter.main(RemoteTestNGStarter.java:109)
</pre>
                                                </td>
                                            </tr>
                                            <tr class='fail'>
                                                <td>2021-07-02 13:08:41</td>
                                                <td><span class='exception-link linked'
                                                          extentid='e2ae4150-0ca5-4ef0-b618-52e5d4e7f9aa'>verifyBackToTop</span>
                                                </td>
                                                <td><pre class='exception-message'>org.openqa.selenium.NoSuchElementException: no such element: Unable to locate element: {"method":"xpath","selector":"//img[@alt='Your language is live']"}
  (Session info: chrome=91.0.4472.124)
For documentation on this error, please visit: https://selenium.dev/exceptions/#no_such_element
Build info: version: '4.0.0-beta-3', revision: '5d108f9a67'
System info: host: 'SANDEEP-PAL-LT', ip: '192.168.56.1', os.name: 'Windows 10', os.arch: 'amd64', os.version: '10.0', java.version: '11.0.11'
Driver info: org.openqa.selenium.chrome.ChromeDriver
Command: [ea47c78d48103e1c92efbb85f6561214, findElement {using=xpath, value=//img[@alt='Your language is live']}]
Capabilities {acceptInsecureCerts: false, browserName: chrome, browserVersion: 91.0.4472.124, chrome: {chromedriverVersion: 91.0.4472.101 (af52a90bf870..., userDataDir: C:\Users\SANDEE~1\AppData\L...}, goog:chromeOptions: {debuggerAddress: localhost:50392}, javascriptEnabled: true, networkConnectionEnabled: false, pageLoadStrategy: normal, platform: WINDOWS, platformName: WINDOWS, proxy: Proxy(), se:cdp: ws://localhost:50392/devtoo..., se:cdpVersion: 91.0.4472.124, setWindowRect: true, strictFileInteractability: false, timeouts: {implicit: 0, pageLoad: 300000, script: 30000}, unhandledPromptBehavior: dismiss and notify, webauthn:extension:largeBlob: true, webauthn:virtualAuthenticators: true}
Session ID: ea47c78d48103e1c92efbb85f6561214
	at java.base/jdk.internal.reflect.NativeConstructorAccessorImpl.newInstance0(Native Method)
	at java.base/jdk.internal.reflect.NativeConstructorAccessorImpl.newInstance(NativeConstructorAccessorImpl.java:62)
	at java.base/jdk.internal.reflect.DelegatingConstructorAccessorImpl.newInstance(DelegatingConstructorAccessorImpl.java:45)
	at java.base/java.lang.reflect.Constructor.newInstance(Constructor.java:490)
	at org.openqa.selenium.remote.codec.w3c.W3CHttpResponseCodec.createException(W3CHttpResponseCodec.java:198)
	at org.openqa.selenium.remote.codec.w3c.W3CHttpResponseCodec.decode(W3CHttpResponseCodec.java:131)
	at org.openqa.selenium.remote.codec.w3c.W3CHttpResponseCodec.decode(W3CHttpResponseCodec.java:52)
	at org.openqa.selenium.remote.HttpCommandExecutor.execute(HttpCommandExecutor.java:184)
	at org.openqa.selenium.remote.service.DriverCommandExecutor.invokeExecute(DriverCommandExecutor.java:153)
	at org.openqa.selenium.remote.service.DriverCommandExecutor.execute(DriverCommandExecutor.java:128)
	at org.openqa.selenium.remote.RemoteWebDriver.execute(RemoteWebDriver.java:619)
	at org.openqa.selenium.remote.RemoteWebDriver$Mechanism$2.findElement(RemoteWebDriver.java:1258)
	at org.openqa.selenium.remote.RemoteWebDriver.findElement(RemoteWebDriver.java:386)
	at org.openqa.selenium.remote.RemoteWebDriver.findElement(RemoteWebDriver.java:380)
	at org.openqa.selenium.support.pagefactory.DefaultElementLocator.findElement(DefaultElementLocator.java:70)
	at org.openqa.selenium.support.pagefactory.internal.LocatingElementHandler.invoke(LocatingElementHandler.java:39)
	at com.sun.proxy.$Proxy19.getWrappedElement(Unknown Source)
	at org.openqa.selenium.remote.internal.WebElementToJsonConverter.apply(WebElementToJsonConverter.java:52)
	at java.base/java.util.stream.ReferencePipeline$3$1.accept(ReferencePipeline.java:195)
	at java.base/java.util.Spliterators$ArraySpliterator.forEachRemaining(Spliterators.java:948)
	at java.base/java.util.stream.AbstractPipeline.copyInto(AbstractPipeline.java:484)
	at java.base/java.util.stream.AbstractPipeline.wrapAndCopyInto(AbstractPipeline.java:474)
	at java.base/java.util.stream.ReduceOps$ReduceOp.evaluateSequential(ReduceOps.java:913)
	at java.base/java.util.stream.AbstractPipeline.evaluate(AbstractPipeline.java:234)
	at java.base/java.util.stream.ReferencePipeline.collect(ReferencePipeline.java:578)
	at org.openqa.selenium.remote.RemoteWebDriver.executeScript(RemoteWebDriver.java:550)
	at com.amazonautomation.qa.pages.HomePage.scrollDownHomePage(HomePage.java:174)
	at com.amazonautomation.qa.testcase.HomePageTest.verifyBackToTop(HomePageTest.java:104)
	at java.base/jdk.internal.reflect.NativeMethodAccessorImpl.invoke0(Native Method)
	at java.base/jdk.internal.reflect.NativeMethodAccessorImpl.invoke(NativeMethodAccessorImpl.java:62)
	at java.base/jdk.internal.reflect.DelegatingMethodAccessorImpl.invoke(DelegatingMethodAccessorImpl.java:43)
	at java.base/java.lang.reflect.Method.invoke(Method.java:566)
	at org.testng.internal.MethodInvocationHelper.invokeMethod(MethodInvocationHelper.java:133)
	at org.testng.internal.TestInvoker.invokeMethod(TestInvoker.java:598)
	at org.testng.internal.TestInvoker.invokeTestMethod(TestInvoker.java:173)
	at org.testng.internal.MethodRunner.runInSequence(MethodRunner.java:46)
	at org.testng.internal.TestInvoker$MethodInvocationAgent.invoke(TestInvoker.java:824)
	at org.testng.internal.TestInvoker.invokeTestMethods(TestInvoker.java:146)
	at org.testng.internal.TestMethodWorker.invokeTestMethods(TestMethodWorker.java:146)
	at org.testng.internal.TestMethodWorker.run(TestMethodWorker.java:128)
	at java.base/java.util.ArrayList.forEach(ArrayList.java:1541)
	at org.testng.TestRunner.privateRun(TestRunner.java:794)
	at org.testng.TestRunner.run(TestRunner.java:596)
	at org.testng.SuiteRunner.runTest(SuiteRunner.java:377)
	at org.testng.SuiteRunner.runSequentially(SuiteRunner.java:371)
	at org.testng.SuiteRunner.privateRun(SuiteRunner.java:332)
	at org.testng.SuiteRunner.run(SuiteRunner.java:276)
	at org.testng.SuiteRunnerWorker.runSuite(SuiteRunnerWorker.java:53)
	at org.testng.SuiteRunnerWorker.run(SuiteRunnerWorker.java:96)
	at org.testng.TestNG.runSuitesSequentially(TestNG.java:1212)
	at org.testng.TestNG.runSuitesLocally(TestNG.java:1134)
	at org.testng.TestNG.runSuites(TestNG.java:1063)
	at org.testng.TestNG.run(TestNG.java:1031)
	at com.intellij.rt.testng.IDEARemoteTestNG.run(IDEARemoteTestNG.java:66)
	at com.intellij.rt.testng.RemoteTestNGStarter.main(RemoteTestNGStarter.java:109)
</pre>
                                                </td>
                                            </tr>
                                            <tr class='fail'>
                                                <td>2021-07-02 13:07:51</td>
                                                <td><span class='exception-link linked'
                                                          extentid='b5eb79f9-462c-4ece-ba7d-3c5a970ea7ab'>verifyScrollDown</span>
                                                </td>
                                                <td><pre class='exception-message'>org.openqa.selenium.NoSuchElementException: no such element: Unable to locate element: {"method":"xpath","selector":"//img[@alt='Your language is live']"}
  (Session info: chrome=91.0.4472.124)
For documentation on this error, please visit: https://selenium.dev/exceptions/#no_such_element
Build info: version: '4.0.0-beta-3', revision: '5d108f9a67'
System info: host: 'SANDEEP-PAL-LT', ip: '192.168.56.1', os.name: 'Windows 10', os.arch: 'amd64', os.version: '10.0', java.version: '11.0.11'
Driver info: org.openqa.selenium.chrome.ChromeDriver
Command: [52a6c4f5c7c6f375d731b3018bd5a97e, findElement {using=xpath, value=//img[@alt='Your language is live']}]
Capabilities {acceptInsecureCerts: false, browserName: chrome, browserVersion: 91.0.4472.124, chrome: {chromedriverVersion: 91.0.4472.101 (af52a90bf870..., userDataDir: C:\Users\SANDEE~1\AppData\L...}, goog:chromeOptions: {debuggerAddress: localhost:63191}, javascriptEnabled: true, networkConnectionEnabled: false, pageLoadStrategy: normal, platform: WINDOWS, platformName: WINDOWS, proxy: Proxy(), se:cdp: ws://localhost:63191/devtoo..., se:cdpVersion: 91.0.4472.124, setWindowRect: true, strictFileInteractability: false, timeouts: {implicit: 0, pageLoad: 300000, script: 30000}, unhandledPromptBehavior: dismiss and notify, webauthn:extension:largeBlob: true, webauthn:virtualAuthenticators: true}
Session ID: 52a6c4f5c7c6f375d731b3018bd5a97e
	at java.base/jdk.internal.reflect.NativeConstructorAccessorImpl.newInstance0(Native Method)
	at java.base/jdk.internal.reflect.NativeConstructorAccessorImpl.newInstance(NativeConstructorAccessorImpl.java:62)
	at java.base/jdk.internal.reflect.DelegatingConstructorAccessorImpl.newInstance(DelegatingConstructorAccessorImpl.java:45)
	at java.base/java.lang.reflect.Constructor.newInstance(Constructor.java:490)
	at org.openqa.selenium.remote.codec.w3c.W3CHttpResponseCodec.createException(W3CHttpResponseCodec.java:198)
	at org.openqa.selenium.remote.codec.w3c.W3CHttpResponseCodec.decode(W3CHttpResponseCodec.java:131)
	at org.openqa.selenium.remote.codec.w3c.W3CHttpResponseCodec.decode(W3CHttpResponseCodec.java:52)
	at org.openqa.selenium.remote.HttpCommandExecutor.execute(HttpCommandExecutor.java:184)
	at org.openqa.selenium.remote.service.DriverCommandExecutor.invokeExecute(DriverCommandExecutor.java:153)
	at org.openqa.selenium.remote.service.DriverCommandExecutor.execute(DriverCommandExecutor.java:128)
	at org.openqa.selenium.remote.RemoteWebDriver.execute(RemoteWebDriver.java:619)
	at org.openqa.selenium.remote.RemoteWebDriver$Mechanism$2.findElement(RemoteWebDriver.java:1258)
	at org.openqa.selenium.remote.RemoteWebDriver.findElement(RemoteWebDriver.java:386)
	at org.openqa.selenium.remote.RemoteWebDriver.findElement(RemoteWebDriver.java:380)
	at org.openqa.selenium.support.pagefactory.DefaultElementLocator.findElement(DefaultElementLocator.java:70)
	at org.openqa.selenium.support.pagefactory.internal.LocatingElementHandler.invoke(LocatingElementHandler.java:39)
	at com.sun.proxy.$Proxy19.getWrappedElement(Unknown Source)
	at org.openqa.selenium.remote.internal.WebElementToJsonConverter.apply(WebElementToJsonConverter.java:52)
	at java.base/java.util.stream.ReferencePipeline$3$1.accept(ReferencePipeline.java:195)
	at java.base/java.util.Spliterators$ArraySpliterator.forEachRemaining(Spliterators.java:948)
	at java.base/java.util.stream.AbstractPipeline.copyInto(AbstractPipeline.java:484)
	at java.base/java.util.stream.AbstractPipeline.wrapAndCopyInto(AbstractPipeline.java:474)
	at java.base/java.util.stream.ReduceOps$ReduceOp.evaluateSequential(ReduceOps.java:913)
	at java.base/java.util.stream.AbstractPipeline.evaluate(AbstractPipeline.java:234)
	at java.base/java.util.stream.ReferencePipeline.collect(ReferencePipeline.java:578)
	at org.openqa.selenium.remote.RemoteWebDriver.executeScript(RemoteWebDriver.java:550)
	at com.amazonautomation.qa.pages.HomePage.scrollDownHomePage(HomePage.java:174)
	at com.amazonautomation.qa.testcase.HomePageTest.verifyScrollDown(HomePageTest.java:99)
	at java.base/jdk.internal.reflect.NativeMethodAccessorImpl.invoke0(Native Method)
	at java.base/jdk.internal.reflect.NativeMethodAccessorImpl.invoke(NativeMethodAccessorImpl.java:62)
	at java.base/jdk.internal.reflect.DelegatingMethodAccessorImpl.invoke(DelegatingMethodAccessorImpl.java:43)
	at java.base/java.lang.reflect.Method.invoke(Method.java:566)
	at org.testng.internal.MethodInvocationHelper.invokeMethod(MethodInvocationHelper.java:133)
	at org.testng.internal.TestInvoker.invokeMethod(TestInvoker.java:598)
	at org.testng.internal.TestInvoker.invokeTestMethod(TestInvoker.java:173)
	at org.testng.internal.MethodRunner.runInSequence(MethodRunner.java:46)
	at org.testng.internal.TestInvoker$MethodInvocationAgent.invoke(TestInvoker.java:824)
	at org.testng.internal.TestInvoker.invokeTestMethods(TestInvoker.java:146)
	at org.testng.internal.TestMethodWorker.invokeTestMethods(TestMethodWorker.java:146)
	at org.testng.internal.TestMethodWorker.run(TestMethodWorker.java:128)
	at java.base/java.util.ArrayList.forEach(ArrayList.java:1541)
	at org.testng.TestRunner.privateRun(TestRunner.java:794)
	at org.testng.TestRunner.run(TestRunner.java:596)
	at org.testng.SuiteRunner.runTest(SuiteRunner.java:377)
	at org.testng.SuiteRunner.runSequentially(SuiteRunner.java:371)
	at org.testng.SuiteRunner.privateRun(SuiteRunner.java:332)
	at org.testng.SuiteRunner.run(SuiteRunner.java:276)
	at org.testng.SuiteRunnerWorker.runSuite(SuiteRunnerWorker.java:53)
	at org.testng.SuiteRunnerWorker.run(SuiteRunnerWorker.java:96)
	at org.testng.TestNG.runSuitesSequentially(TestNG.java:1212)
	at org.testng.TestNG.runSuitesLocally(TestNG.java:1134)
	at org.testng.TestNG.runSuites(TestNG.java:1063)
	at org.testng.TestNG.run(TestNG.java:1031)
	at com.intellij.rt.testng.IDEARemoteTestNG.run(IDEARemoteTestNG.java:66)
	at com.intellij.rt.testng.RemoteTestNGStarter.main(RemoteTestNGStarter.java:109)
</pre>
                                                </td>
                                            </tr>
                                            <tr class='fail'>
                                                <td>2021-07-02 13:05:24</td>
                                                <td><span class='exception-link linked'
                                                          extentid='5c98eb48-f106-426c-803d-303a774ec9bb'>verifyLoggedUserDuration</span>
                                                </td>
                                                <td><pre class='exception-message'>org.openqa.selenium.NoSuchElementException: no such element: Unable to locate element: {"method":"xpath","selector":"//p[contains(text(),'Customer since 2019')]"}
  (Session info: chrome=91.0.4472.124)
For documentation on this error, please visit: https://selenium.dev/exceptions/#no_such_element
Build info: version: '4.0.0-beta-3', revision: '5d108f9a67'
System info: host: 'SANDEEP-PAL-LT', ip: '192.168.56.1', os.name: 'Windows 10', os.arch: 'amd64', os.version: '10.0', java.version: '11.0.11'
Driver info: org.openqa.selenium.chrome.ChromeDriver
Command: [63e620cb4f01a7841e9c4fd76d63cb57, findElement {using=xpath, value=//p[contains(text(),'Customer since 2019')]}]
Capabilities {acceptInsecureCerts: false, browserName: chrome, browserVersion: 91.0.4472.124, chrome: {chromedriverVersion: 91.0.4472.101 (af52a90bf870..., userDataDir: C:\Users\SANDEE~1\AppData\L...}, goog:chromeOptions: {debuggerAddress: localhost:64201}, javascriptEnabled: true, networkConnectionEnabled: false, pageLoadStrategy: normal, platform: WINDOWS, platformName: WINDOWS, proxy: Proxy(), se:cdp: ws://localhost:64201/devtoo..., se:cdpVersion: 91.0.4472.124, setWindowRect: true, strictFileInteractability: false, timeouts: {implicit: 0, pageLoad: 300000, script: 30000}, unhandledPromptBehavior: dismiss and notify, webauthn:extension:largeBlob: true, webauthn:virtualAuthenticators: true}
Session ID: 63e620cb4f01a7841e9c4fd76d63cb57
	at java.base/jdk.internal.reflect.NativeConstructorAccessorImpl.newInstance0(Native Method)
	at java.base/jdk.internal.reflect.NativeConstructorAccessorImpl.newInstance(NativeConstructorAccessorImpl.java:62)
	at java.base/jdk.internal.reflect.DelegatingConstructorAccessorImpl.newInstance(DelegatingConstructorAccessorImpl.java:45)
	at java.base/java.lang.reflect.Constructor.newInstance(Constructor.java:490)
	at org.openqa.selenium.remote.codec.w3c.W3CHttpResponseCodec.createException(W3CHttpResponseCodec.java:198)
	at org.openqa.selenium.remote.codec.w3c.W3CHttpResponseCodec.decode(W3CHttpResponseCodec.java:131)
	at org.openqa.selenium.remote.codec.w3c.W3CHttpResponseCodec.decode(W3CHttpResponseCodec.java:52)
	at org.openqa.selenium.remote.HttpCommandExecutor.execute(HttpCommandExecutor.java:184)
	at org.openqa.selenium.remote.service.DriverCommandExecutor.invokeExecute(DriverCommandExecutor.java:153)
	at org.openqa.selenium.remote.service.DriverCommandExecutor.execute(DriverCommandExecutor.java:128)
	at org.openqa.selenium.remote.RemoteWebDriver.execute(RemoteWebDriver.java:619)
	at org.openqa.selenium.remote.RemoteWebDriver$Mechanism$2.findElement(RemoteWebDriver.java:1258)
	at org.openqa.selenium.remote.RemoteWebDriver.findElement(RemoteWebDriver.java:386)
	at org.openqa.selenium.remote.RemoteWebDriver.findElement(RemoteWebDriver.java:380)
	at org.openqa.selenium.support.pagefactory.DefaultElementLocator.findElement(DefaultElementLocator.java:70)
	at org.openqa.selenium.support.pagefactory.internal.LocatingElementHandler.invoke(LocatingElementHandler.java:39)
	at com.sun.proxy.$Proxy19.isDisplayed(Unknown Source)
	at com.amazonautomation.qa.pages.HomePage.loggedUserDuration(HomePage.java:95)
	at com.amazonautomation.qa.testcase.HomePageTest.verifyLoggedUserDuration(HomePageTest.java:39)
	at java.base/jdk.internal.reflect.NativeMethodAccessorImpl.invoke0(Native Method)
	at java.base/jdk.internal.reflect.NativeMethodAccessorImpl.invoke(NativeMethodAccessorImpl.java:62)
	at java.base/jdk.internal.reflect.DelegatingMethodAccessorImpl.invoke(DelegatingMethodAccessorImpl.java:43)
	at java.base/java.lang.reflect.Method.invoke(Method.java:566)
	at org.testng.internal.MethodInvocationHelper.invokeMethod(MethodInvocationHelper.java:133)
	at org.testng.internal.TestInvoker.invokeMethod(TestInvoker.java:598)
	at org.testng.internal.TestInvoker.invokeTestMethod(TestInvoker.java:173)
	at org.testng.internal.MethodRunner.runInSequence(MethodRunner.java:46)
	at org.testng.internal.TestInvoker$MethodInvocationAgent.invoke(TestInvoker.java:824)
	at org.testng.internal.TestInvoker.invokeTestMethods(TestInvoker.java:146)
	at org.testng.internal.TestMethodWorker.invokeTestMethods(TestMethodWorker.java:146)
	at org.testng.internal.TestMethodWorker.run(TestMethodWorker.java:128)
	at java.base/java.util.ArrayList.forEach(ArrayList.java:1541)
	at org.testng.TestRunner.privateRun(TestRunner.java:794)
	at org.testng.TestRunner.run(TestRunner.java:596)
	at org.testng.SuiteRunner.runTest(SuiteRunner.java:377)
	at org.testng.SuiteRunner.runSequentially(SuiteRunner.java:371)
	at org.testng.SuiteRunner.privateRun(SuiteRunner.java:332)
	at org.testng.SuiteRunner.run(SuiteRunner.java:276)
	at org.testng.SuiteRunnerWorker.runSuite(SuiteRunnerWorker.java:53)
	at org.testng.SuiteRunnerWorker.run(SuiteRunnerWorker.java:96)
	at org.testng.TestNG.runSuitesSequentially(TestNG.java:1212)
	at org.testng.TestNG.runSuitesLocally(TestNG.java:1134)
	at org.testng.TestNG.runSuites(TestNG.java:1063)
	at org.testng.TestNG.run(TestNG.java:1031)
	at com.intellij.rt.testng.IDEARemoteTestNG.run(IDEARemoteTestNG.java:66)
	at com.intellij.rt.testng.RemoteTestNGStarter.main(RemoteTestNGStarter.java:109)
</pre>
                                                </td>
                                            </tr>
                                            <tr class='fail'>
                                                <td>2021-07-02 13:04:58</td>
                                                <td><span class='exception-link linked'
                                                          extentid='86a10128-9208-4657-b2dd-62477900f5ec'>verifyUserNameVisible</span>
                                                </td>
                                                <td><pre class='exception-message'>org.openqa.selenium.NoSuchElementException: no such element: Unable to locate element: {"method":"xpath","selector":"//h2[contains(text(),'Hi, manish')]"}
  (Session info: chrome=91.0.4472.124)
For documentation on this error, please visit: https://selenium.dev/exceptions/#no_such_element
Build info: version: '4.0.0-beta-3', revision: '5d108f9a67'
System info: host: 'SANDEEP-PAL-LT', ip: '192.168.56.1', os.name: 'Windows 10', os.arch: 'amd64', os.version: '10.0', java.version: '11.0.11'
Driver info: org.openqa.selenium.chrome.ChromeDriver
Command: [15c793c14ac2ca7f7c36a07fe1f5c904, findElement {using=xpath, value=//h2[contains(text(),'Hi, manish')]}]
Capabilities {acceptInsecureCerts: false, browserName: chrome, browserVersion: 91.0.4472.124, chrome: {chromedriverVersion: 91.0.4472.101 (af52a90bf870..., userDataDir: C:\Users\SANDEE~1\AppData\L...}, goog:chromeOptions: {debuggerAddress: localhost:65164}, javascriptEnabled: true, networkConnectionEnabled: false, pageLoadStrategy: normal, platform: WINDOWS, platformName: WINDOWS, proxy: Proxy(), se:cdp: ws://localhost:65164/devtoo..., se:cdpVersion: 91.0.4472.124, setWindowRect: true, strictFileInteractability: false, timeouts: {implicit: 0, pageLoad: 300000, script: 30000}, unhandledPromptBehavior: dismiss and notify, webauthn:extension:largeBlob: true, webauthn:virtualAuthenticators: true}
Session ID: 15c793c14ac2ca7f7c36a07fe1f5c904
	at java.base/jdk.internal.reflect.NativeConstructorAccessorImpl.newInstance0(Native Method)
	at java.base/jdk.internal.reflect.NativeConstructorAccessorImpl.newInstance(NativeConstructorAccessorImpl.java:62)
	at java.base/jdk.internal.reflect.DelegatingConstructorAccessorImpl.newInstance(DelegatingConstructorAccessorImpl.java:45)
	at java.base/java.lang.reflect.Constructor.newInstance(Constructor.java:490)
	at org.openqa.selenium.remote.codec.w3c.W3CHttpResponseCodec.createException(W3CHttpResponseCodec.java:198)
	at org.openqa.selenium.remote.codec.w3c.W3CHttpResponseCodec.decode(W3CHttpResponseCodec.java:131)
	at org.openqa.selenium.remote.codec.w3c.W3CHttpResponseCodec.decode(W3CHttpResponseCodec.java:52)
	at org.openqa.selenium.remote.HttpCommandExecutor.execute(HttpCommandExecutor.java:184)
	at org.openqa.selenium.remote.service.DriverCommandExecutor.invokeExecute(DriverCommandExecutor.java:153)
	at org.openqa.selenium.remote.service.DriverCommandExecutor.execute(DriverCommandExecutor.java:128)
	at org.openqa.selenium.remote.RemoteWebDriver.execute(RemoteWebDriver.java:619)
	at org.openqa.selenium.remote.RemoteWebDriver$Mechanism$2.findElement(RemoteWebDriver.java:1258)
	at org.openqa.selenium.remote.RemoteWebDriver.findElement(RemoteWebDriver.java:386)
	at org.openqa.selenium.remote.RemoteWebDriver.findElement(RemoteWebDriver.java:380)
	at org.openqa.selenium.support.pagefactory.DefaultElementLocator.findElement(DefaultElementLocator.java:70)
	at org.openqa.selenium.support.pagefactory.internal.LocatingElementHandler.invoke(LocatingElementHandler.java:39)
	at com.sun.proxy.$Proxy19.isDisplayed(Unknown Source)
	at com.amazonautomation.qa.pages.HomePage.userNameVisible(HomePage.java:91)
	at com.amazonautomation.qa.testcase.HomePageTest.verifyUserNameVisible(HomePageTest.java:34)
	at java.base/jdk.internal.reflect.NativeMethodAccessorImpl.invoke0(Native Method)
	at java.base/jdk.internal.reflect.NativeMethodAccessorImpl.invoke(NativeMethodAccessorImpl.java:62)
	at java.base/jdk.internal.reflect.DelegatingMethodAccessorImpl.invoke(DelegatingMethodAccessorImpl.java:43)
	at java.base/java.lang.reflect.Method.invoke(Method.java:566)
	at org.testng.internal.MethodInvocationHelper.invokeMethod(MethodInvocationHelper.java:133)
	at org.testng.internal.TestInvoker.invokeMethod(TestInvoker.java:598)
	at org.testng.internal.TestInvoker.invokeTestMethod(TestInvoker.java:173)
	at org.testng.internal.MethodRunner.runInSequence(MethodRunner.java:46)
	at org.testng.internal.TestInvoker$MethodInvocationAgent.invoke(TestInvoker.java:824)
	at org.testng.internal.TestInvoker.invokeTestMethods(TestInvoker.java:146)
	at org.testng.internal.TestMethodWorker.invokeTestMethods(TestMethodWorker.java:146)
	at org.testng.internal.TestMethodWorker.run(TestMethodWorker.java:128)
	at java.base/java.util.ArrayList.forEach(ArrayList.java:1541)
	at org.testng.TestRunner.privateRun(TestRunner.java:794)
	at org.testng.TestRunner.run(TestRunner.java:596)
	at org.testng.SuiteRunner.runTest(SuiteRunner.java:377)
	at org.testng.SuiteRunner.runSequentially(SuiteRunner.java:371)
	at org.testng.SuiteRunner.privateRun(SuiteRunner.java:332)
	at org.testng.SuiteRunner.run(SuiteRunner.java:276)
	at org.testng.SuiteRunnerWorker.runSuite(SuiteRunnerWorker.java:53)
	at org.testng.SuiteRunnerWorker.run(SuiteRunnerWorker.java:96)
	at org.testng.TestNG.runSuitesSequentially(TestNG.java:1212)
	at org.testng.TestNG.runSuitesLocally(TestNG.java:1134)
	at org.testng.TestNG.runSuites(TestNG.java:1063)
	at org.testng.TestNG.run(TestNG.java:1031)
	at com.intellij.rt.testng.IDEARemoteTestNG.run(IDEARemoteTestNG.java:66)
	at com.intellij.rt.testng.RemoteTestNGStarter.main(RemoteTestNGStarter.java:109)
</pre>
                                                </td>
                                            </tr>
                                            </tbody>
                                        </table>
                                    </div>
                                </div>
                            </li>
                        </ul>
                    </div>
                </div>
            </div>
        </div>
        <div class='col _addedCell2' id='exception-details-wrapper'>
            <div class='contents'>
                <div class='card-panel details-view'>
                    <h5 class='exception-name'></h5>
                    <div class='exception-container'>
                    </div>
                </div>
            </div>
        </div>
    </div>
    <!-- /exceptions -->

    <!-- testrunner logs -->
    <!-- /testrunner logs -->

</div>
<!-- /container -->

<!-- test dashboard counts setting -->
<div class='modal bottom-sheet' id='test-count-setting'>
    <div class='modal-content'>
        <h5>Configure Tests Count Setting</h5>
        <input class='with-gap' id='parentWithoutNodes' name='test-count-setting' type='radio'>
        <label for='parentWithoutNodes'>Parent Tests Only (Does not include child nodes in counts)</label>
        <br>
        <input class='with-gap' id='parentWithoutNodesAndNodes' name='test-count-setting' type='radio'>
        <label for='parentWithoutNodesAndNodes'>Parent Tests Without Child Tests + Child Tests</label>
        <br>
        <input class='with-gap' id='childNodes' name='test-count-setting' type='radio'>
        <label for='childNodes'>Child Tests Only</label>
    </div>
    <div class='modal-footer'>
        <a class='modal-action modal-close waves-effect waves-green btn' href='#!'>Save</a>
    </div>
</div>
<!-- /test dashboard counts setting -->

<!-- filter for step status -->
<div class='modal bottom-sheet' id='step-status-filter'>
    <div class='modal-content'>
        <h5>Select status</h5>
        <input checked class='filled-in' id='step-dashboard-filter-pass' type='checkbox'>
        <label for='step-dashboard-filter-pass'>Pass</label>
        <br>
        <input checked class='filled-in' id='step-dashboard-filter-fail' type='checkbox'>
        <label for='step-dashboard-filter-fail'>Fail</label>
        <br>
        <input checked class='filled-in' id='step-dashboard-filter-fatal' type='checkbox'>
        <label for='step-dashboard-filter-fatal'>Fatal</label>
        <br>
        <input checked class='filled-in' id='step-dashboard-filter-error' type='checkbox'>
        <label for='step-dashboard-filter-error'>Error</label>
        <br>
        <input checked class='filled-in' id='step-dashboard-filter-warning' type='checkbox'>
        <label for='step-dashboard-filter-warning'>Warning</label>
        <br>
        <input checked class='filled-in' id='step-dashboard-filter-skip' type='checkbox'>
        <label for='step-dashboard-filter-skip'>Skipped</label>
        <br>
        <input checked class='filled-in' id='step-dashboard-filter-info' type='checkbox'>
        <label for='step-dashboard-filter-info'>Info</label>
        <br>
        <input checked class='filled-in' id='step-dashboard-filter-unknown' type='checkbox'>
        <label for='step-dashboard-filter-unknown'>Unknown</label>
    </div>
    <div class='modal-footer'>
        <a class='modal-action modal-close waves-effect waves-green btn' href='#!'>Save</a>
    </div>
</div>
<!-- /filter for step status -->

<script src='https://cdn.rawgit.com/anshooarora/extentreports/6032d73243ba4fe4fb8769eb9c315d4fdf16fe68/cdn/extent.js'
        type='text/javascript'></script>

<script>$(document).ready(function() { $('.logo span').html('ExtentReports'); });</script>
<script>
				
            
                $(document).ready(function() {
                    
                });
            
        

</script>
</body>
</html>
